{"meta": {"format": 3, "version": "7.11.0", "timestamp": "2025-10-27T22:57:05.478297", "branch_coverage": true, "show_contexts": false}, "files": {"__init__.py": {"executed_lines": [], "summary": {"covered_lines": 0, "num_statements": 0, "percent_covered": 100.0, "percent_covered_display": "100.00", "missing_lines": 0, "excluded_lines": 0, "num_branches": 0, "num_partial_branches": 0, "covered_branches": 0, "missing_branches": 0}, "missing_lines": [], "excluded_lines": [], "executed_branches": [], "missing_branches": [], "functions": {"": {"executed_lines": [], "summary": {"covered_lines": 0, "num_statements": 0, "percent_covered": 100.0, "percent_covered_display": "100.00", "missing_lines": 0, "excluded_lines": 0, "num_branches": 0, "num_partial_branches": 0, "covered_branches": 0, "missing_branches": 0}, "missing_lines": [], "excluded_lines": [], "executed_branches": [], "missing_branches": []}}, "classes": {"": {"executed_lines": [], "summary": {"covered_lines": 0, "num_statements": 0, "percent_covered": 100.0, "percent_covered_display": "100.00", "missing_lines": 0, "excluded_lines": 0, "num_branches": 0, "num_partial_branches": 0, "covered_branches": 0, "missing_branches": 0}, "missing_lines": [], "excluded_lines": [], "executed_branches": [], "missing_branches": []}}}, "bot.py": {"executed_lines": [], "summary": {"covered_lines": 0, "num_statements": 156, "percent_covered": 0.0, "percent_covered_display": "0.00", "missing_lines": 156, "excluded_lines": 0, "num_branches": 14, "num_partial_branches": 0, "covered_branches": 0, "missing_branches": 14}, "missing_lines": [11, 12, 13, 15, 16, 17, 18, 19, 20, 23, 26, 29, 31, 32, 33, 34, 35, 36, 37, 38, 39, 41, 44, 57, 60, 68, 69, 70, 71, 72, 73, 77, 78, 86, 87, 88, 89, 92, 100, 101, 103, 104, 106, 112, 122, 124, 128, 136, 137, 141, 146, 148, 152, 157, 158, 160, 161, 165, 168, 185, 186, 187, 188, 191, 192, 194, 197, 207, 210, 217, 222, 223, 225, 233, 240, 241, 242, 244, 245, 250, 251, 256, 257, 258, 261, 262, 265, 266, 269, 274, 275, 277, 281, 282, 283, 284, 285, 286, 288, 291, 292, 299, 301, 309, 310, 313, 314, 315, 316, 317, 318, 320, 328, 329, 331, 333, 336, 337, 338, 339, 340, 341, 342, 345, 346, 348, 349, 350, 352, 354, 358, 359, 362, 365, 366, 367, 368, 371, 372, 373, 374, 375, 376, 380, 381, 382, 385, 386, 390, 392, 393, 395, 396, 397, 399, 400], "excluded_lines": [], "executed_branches": [], "missing_branches": [[104, 106], [104, 141], [192, 194], [192, 233], [314, 315], [314, 320], [315, 316], [315, 317], [317, 318], [317, 320], [371, 372], [371, 380], [385, -1], [385, 386]], "functions": {"main": {"executed_lines": [], "summary": {"covered_lines": 0, "num_statements": 109, "percent_covered": 0.0, "percent_covered_display": "0.00", "missing_lines": 109, "excluded_lines": 0, "num_branches": 6, "num_partial_branches": 0, "covered_branches": 0, "missing_branches": 6}, "missing_lines": [57, 60, 68, 69, 70, 71, 72, 73, 77, 78, 86, 87, 88, 89, 92, 100, 101, 103, 104, 106, 112, 122, 124, 128, 136, 137, 141, 146, 148, 152, 157, 158, 160, 161, 165, 168, 185, 186, 187, 188, 191, 192, 194, 197, 207, 210, 217, 222, 223, 225, 233, 240, 241, 242, 244, 245, 250, 251, 256, 257, 258, 261, 262, 265, 266, 269, 274, 275, 277, 281, 282, 283, 284, 285, 286, 288, 291, 292, 333, 336, 337, 338, 339, 340, 341, 342, 345, 346, 348, 349, 350, 352, 354, 358, 359, 362, 365, 366, 367, 368, 371, 372, 373, 374, 375, 376, 380, 381, 382], "excluded_lines": [], "executed_branches": [], "missing_branches": [[104, 106], [104, 141], [192, 194], [192, 233], [371, 372], [371, 380]]}, "main.global_error_handler": {"executed_lines": [], "summary": {"covered_lines": 0, "num_statements": 14, "percent_covered": 0.0, "percent_covered_display": "0.00", "missing_lines": 14, "excluded_lines": 0, "num_branches": 6, "num_partial_branches": 0, "covered_branches": 0, "missing_branches": 6}, "missing_lines": [299, 301, 309, 310, 313, 314, 315, 316, 317, 318, 320, 328, 329, 331], "excluded_lines": [], "executed_branches": [], "missing_branches": [[314, 315], [314, 320], [315, 316], [315, 317], [317, 318], [317, 320]]}, "": {"executed_lines": [], "summary": {"covered_lines": 0, "num_statements": 33, "percent_covered": 0.0, "percent_covered_display": "0.00", "missing_lines": 33, "excluded_lines": 0, "num_branches": 2, "num_partial_branches": 0, "covered_branches": 0, "missing_branches": 2}, "missing_lines": [11, 12, 13, 15, 16, 17, 18, 19, 20, 23, 26, 29, 31, 32, 33, 34, 35, 36, 37, 38, 39, 41, 44, 385, 386, 390, 392, 393, 395, 396, 397, 399, 400], "excluded_lines": [], "executed_branches": [], "missing_branches": [[385, -1], [385, 386]]}}, "classes": {"": {"executed_lines": [], "summary": {"covered_lines": 0, "num_statements": 156, "percent_covered": 0.0, "percent_covered_display": "0.00", "missing_lines": 156, "excluded_lines": 0, "num_branches": 14, "num_partial_branches": 0, "covered_branches": 0, "missing_branches": 14}, "missing_lines": [11, 12, 13, 15, 16, 17, 18, 19, 20, 23, 26, 29, 31, 32, 33, 34, 35, 36, 37, 38, 39, 41, 44, 57, 60, 68, 69, 70, 71, 72, 73, 77, 78, 86, 87, 88, 89, 92, 100, 101, 103, 104, 106, 112, 122, 124, 128, 136, 137, 141, 146, 148, 152, 157, 158, 160, 161, 165, 168, 185, 186, 187, 188, 191, 192, 194, 197, 207, 210, 217, 222, 223, 225, 233, 240, 241, 242, 244, 245, 250, 251, 256, 257, 258, 261, 262, 265, 266, 269, 274, 275, 277, 281, 282, 283, 284, 285, 286, 288, 291, 292, 299, 301, 309, 310, 313, 314, 315, 316, 317, 318, 320, 328, 329, 331, 333, 336, 337, 338, 339, 340, 341, 342, 345, 346, 348, 349, 350, 352, 354, 358, 359, 362, 365, 366, 367, 368, 371, 372, 373, 374, 375, 376, 380, 381, 382, 385, 386, 390, 392, 393, 395, 396, 397, 399, 400], "excluded_lines": [], "executed_branches": [], "missing_branches": [[104, 106], [104, 141], [192, 194], [192, 233], [314, 315], [314, 320], [315, 316], [315, 317], [317, 318], [317, 320], [371, 372], [371, 380], [385, -1], [385, 386]]}}}, "config.py": {"executed_lines": [], "summary": {"covered_lines": 0, "num_statements": 106, "percent_covered": 0.0, "percent_covered_display": "0.00", "missing_lines": 106, "excluded_lines": 0, "num_branches": 18, "num_partial_branches": 0, "covered_branches": 0, "missing_branches": 18}, "missing_lines": [6, 7, 8, 9, 10, 11, 14, 17, 20, 21, 23, 24, 25, 26, 27, 28, 29, 30, 33, 34, 36, 37, 38, 39, 40, 41, 43, 44, 46, 49, 50, 66, 67, 68, 71, 72, 74, 75, 77, 80, 81, 83, 84, 85, 88, 89, 91, 92, 93, 94, 96, 98, 99, 102, 103, 105, 106, 107, 108, 109, 110, 111, 112, 115, 126, 127, 128, 133, 134, 135, 138, 139, 140, 141, 142, 143, 144, 147, 150, 151, 152, 155, 156, 157, 158, 160, 161, 162, 163, 164, 165, 167, 169, 170, 171, 175, 176, 178, 181, 182, 185, 186, 188, 196, 199, 201], "excluded_lines": [], "executed_branches": [], "missing_branches": [[98, -96], [98, 99], [127, 128], [127, 133], [134, 135], [134, 138], [140, 141], [140, 147], [151, 152], [151, 155], [157, 158], [157, 178], [161, 162], [161, 169], [163, 164], [163, 167], [169, 170], [169, 178]], "functions": {"Database.is_sqlite": {"executed_lines": [], "summary": {"covered_lines": 0, "num_statements": 1, "percent_covered": 0.0, "percent_covered_display": "0.00", "missing_lines": 1, "excluded_lines": 0, "num_branches": 0, "num_partial_branches": 0, "covered_branches": 0, "missing_branches": 0}, "missing_lines": [46], "excluded_lines": [], "executed_branches": [], "missing_branches": []}, "Redis.is_sentinel_mode": {"executed_lines": [], "summary": {"covered_lines": 0, "num_statements": 1, "percent_covered": 0.0, "percent_covered_display": "0.00", "missing_lines": 1, "excluded_lines": 0, "num_branches": 0, "num_partial_branches": 0, "covered_branches": 0, "missing_branches": 0}, "missing_lines": [77], "excluded_lines": [], "executed_branches": [], "missing_branches": []}, "Paths.ensure_exists": {"executed_lines": [], "summary": {"covered_lines": 0, "num_statements": 2, "percent_covered": 0.0, "percent_covered_display": "0.00", "missing_lines": 2, "excluded_lines": 0, "num_branches": 2, "num_partial_branches": 0, "covered_branches": 0, "missing_branches": 2}, "missing_lines": [98, 99], "excluded_lines": [], "executed_branches": [], "missing_branches": [[98, -96], [98, 99]]}, "load_config": {"executed_lines": [], "summary": {"covered_lines": 0, "num_statements": 42, "percent_covered": 0.0, "percent_covered_display": "0.00", "missing_lines": 42, "excluded_lines": 0, "num_branches": 16, "num_partial_branches": 0, "covered_branches": 0, "missing_branches": 16}, "missing_lines": [126, 127, 128, 133, 134, 135, 138, 139, 140, 141, 142, 143, 144, 147, 150, 151, 152, 155, 156, 157, 158, 160, 161, 162, 163, 164, 165, 167, 169, 170, 171, 175, 176, 178, 181, 182, 185, 186, 188, 196, 199, 201], "excluded_lines": [], "executed_branches": [], "missing_branches": [[127, 128], [127, 133], [134, 135], [134, 138], [140, 141], [140, 147], [151, 152], [151, 155], [157, 158], [157, 178], [161, 162], [161, 169], [163, 164], [163, 167], [169, 170], [169, 178]]}, "": {"executed_lines": [], "summary": {"covered_lines": 0, "num_statements": 60, "percent_covered": 0.0, "percent_covered_display": "0.00", "missing_lines": 60, "excluded_lines": 0, "num_branches": 0, "num_partial_branches": 0, "covered_branches": 0, "missing_branches": 0}, "missing_lines": [6, 7, 8, 9, 10, 11, 14, 17, 20, 21, 23, 24, 25, 26, 27, 28, 29, 30, 33, 34, 36, 37, 38, 39, 40, 41, 43, 44, 49, 50, 66, 67, 68, 71, 72, 74, 75, 80, 81, 83, 84, 85, 88, 89, 91, 92, 93, 94, 96, 102, 103, 105, 106, 107, 108, 109, 110, 111, 112, 115], "excluded_lines": [], "executed_branches": [], "missing_branches": []}}, "classes": {"TgBot": {"executed_lines": [], "summary": {"covered_lines": 0, "num_statements": 0, "percent_covered": 100.0, "percent_covered_display": "100.00", "missing_lines": 0, "excluded_lines": 0, "num_branches": 0, "num_partial_branches": 0, "covered_branches": 0, "missing_branches": 0}, "missing_lines": [], "excluded_lines": [], "executed_branches": [], "missing_branches": []}, "Database": {"executed_lines": [], "summary": {"covered_lines": 0, "num_statements": 1, "percent_covered": 0.0, "percent_covered_display": "0.00", "missing_lines": 1, "excluded_lines": 0, "num_branches": 0, "num_partial_branches": 0, "covered_branches": 0, "missing_branches": 0}, "missing_lines": [46], "excluded_lines": [], "executed_branches": [], "missing_branches": []}, "Redis": {"executed_lines": [], "summary": {"covered_lines": 0, "num_statements": 1, "percent_covered": 0.0, "percent_covered_display": "0.00", "missing_lines": 1, "excluded_lines": 0, "num_branches": 0, "num_partial_branches": 0, "covered_branches": 0, "missing_branches": 0}, "missing_lines": [77], "excluded_lines": [], "executed_branches": [], "missing_branches": []}, "RateLimit": {"executed_lines": [], "summary": {"covered_lines": 0, "num_statements": 0, "percent_covered": 100.0, "percent_covered_display": "100.00", "missing_lines": 0, "excluded_lines": 0, "num_branches": 0, "num_partial_branches": 0, "covered_branches": 0, "missing_branches": 0}, "missing_lines": [], "excluded_lines": [], "executed_branches": [], "missing_branches": []}, "Paths": {"executed_lines": [], "summary": {"covered_lines": 0, "num_statements": 2, "percent_covered": 0.0, "percent_covered_display": "0.00", "missing_lines": 2, "excluded_lines": 0, "num_branches": 2, "num_partial_branches": 0, "covered_branches": 0, "missing_branches": 2}, "missing_lines": [98, 99], "excluded_lines": [], "executed_branches": [], "missing_branches": [[98, -96], [98, 99]]}, "Config": {"executed_lines": [], "summary": {"covered_lines": 0, "num_statements": 0, "percent_covered": 100.0, "percent_covered_display": "100.00", "missing_lines": 0, "excluded_lines": 0, "num_branches": 0, "num_partial_branches": 0, "covered_branches": 0, "missing_branches": 0}, "missing_lines": [], "excluded_lines": [], "executed_branches": [], "missing_branches": []}, "": {"executed_lines": [], "summary": {"covered_lines": 0, "num_statements": 102, "percent_covered": 0.0, "percent_covered_display": "0.00", "missing_lines": 102, "excluded_lines": 0, "num_branches": 16, "num_partial_branches": 0, "covered_branches": 0, "missing_branches": 16}, "missing_lines": [6, 7, 8, 9, 10, 11, 14, 17, 20, 21, 23, 24, 25, 26, 27, 28, 29, 30, 33, 34, 36, 37, 38, 39, 40, 41, 43, 44, 49, 50, 66, 67, 68, 71, 72, 74, 75, 80, 81, 83, 84, 85, 88, 89, 91, 92, 93, 94, 96, 102, 103, 105, 106, 107, 108, 109, 110, 111, 112, 115, 126, 127, 128, 133, 134, 135, 138, 139, 140, 141, 142, 143, 144, 147, 150, 151, 152, 155, 156, 157, 158, 160, 161, 162, 163, 164, 165, 167, 169, 170, 171, 175, 176, 178, 181, 182, 185, 186, 188, 196, 199, 201], "excluded_lines": [], "executed_branches": [], "missing_branches": [[127, 128], [127, 133], [134, 135], [134, 138], [140, 141], [140, 147], [151, 152], [151, 155], [157, 158], [157, 178], [161, 162], [161, 169], [163, 164], [163, 167], [169, 170], [169, 178]]}}}, "database/__init__.py": {"executed_lines": [1, 5, 13, 19, 34], "summary": {"covered_lines": 4, "num_statements": 4, "percent_covered": 100.0, "percent_covered_display": "100.00", "missing_lines": 0, "excluded_lines": 0, "num_branches": 0, "num_partial_branches": 0, "covered_branches": 0, "missing_branches": 0}, "missing_lines": [], "excluded_lines": [], "executed_branches": [], "missing_branches": [], "functions": {"": {"executed_lines": [1, 5, 13, 19, 34], "summary": {"covered_lines": 4, "num_statements": 4, "percent_covered": 100.0, "percent_covered_display": "100.00", "missing_lines": 0, "excluded_lines": 0, "num_branches": 0, "num_partial_branches": 0, "covered_branches": 0, "missing_branches": 0}, "missing_lines": [], "excluded_lines": [], "executed_branches": [], "missing_branches": []}}, "classes": {"": {"executed_lines": [1, 5, 13, 19, 34], "summary": {"covered_lines": 4, "num_statements": 4, "percent_covered": 100.0, "percent_covered_display": "100.00", "missing_lines": 0, "excluded_lines": 0, "num_branches": 0, "num_partial_branches": 0, "covered_branches": 0, "missing_branches": 0}, "missing_lines": [], "excluded_lines": [], "executed_branches": [], "missing_branches": []}}}, "database/crud.py": {"executed_lines": [1, 5, 6, 7, 8, 9, 11, 21, 22, 23, 24, 27, 28, 30, 31, 90, 91, 104, 105, 121, 122, 150, 151, 178, 179, 193, 194, 224, 225, 246, 247, 274, 275, 297, 298, 300, 301, 329, 330, 352, 353, 384, 385, 433, 434, 436, 437, 456, 457, 480, 481, 534, 535, 559, 560, 592, 593, 595, 596, 624, 625, 657, 687, 713, 720, 727, 742, 791, 798, 808, 824, 838, 870, 918, 968, 1095, 1142], "summary": {"covered_lines": 72, "num_statements": 438, "percent_covered": 14.117647058823529, "percent_covered_display": "14.12", "missing_lines": 366, "excluded_lines": 0, "num_branches": 72, "num_partial_branches": 0, "covered_branches": 0, "missing_branches": 72}, "missing_lines": [37, 38, 41, 42, 43, 45, 47, 48, 49, 50, 52, 53, 60, 63, 64, 65, 66, 67, 72, 75, 76, 78, 80, 81, 82, 88, 96, 97, 98, 99, 100, 101, 102, 110, 111, 115, 116, 117, 118, 119, 128, 129, 137, 138, 140, 141, 142, 143, 145, 146, 147, 148, 156, 157, 165, 166, 168, 169, 170, 171, 173, 174, 175, 176, 184, 185, 186, 187, 188, 189, 190, 191, 203, 204, 207, 208, 209, 210, 211, 212, 215, 217, 218, 220, 221, 222, 231, 232, 234, 235, 236, 237, 239, 240, 242, 243, 244, 253, 254, 255, 261, 267, 268, 270, 271, 272, 281, 282, 287, 288, 289, 291, 292, 293, 294, 312, 313, 322, 323, 325, 326, 327, 337, 338, 345, 346, 348, 349, 350, 359, 360, 362, 377, 378, 380, 381, 382, 390, 391, 394, 398, 401, 405, 408, 418, 419, 421, 428, 429, 430, 442, 443, 449, 450, 452, 453, 454, 462, 463, 473, 474, 476, 477, 478, 493, 494, 495, 496, 498, 500, 501, 502, 503, 504, 505, 506, 507, 509, 512, 522, 523, 525, 526, 527, 529, 530, 531, 532, 540, 541, 546, 547, 549, 550, 551, 552, 554, 555, 556, 557, 566, 568, 570, 584, 585, 587, 588, 589, 607, 608, 617, 618, 620, 621, 622, 633, 634, 636, 638, 639, 640, 641, 643, 645, 646, 648, 649, 650, 664, 665, 666, 684, 692, 693, 694, 695, 710, 715, 716, 717, 722, 723, 724, 729, 730, 731, 739, 744, 745, 746, 749, 752, 753, 756, 759, 760, 763, 766, 769, 772, 773, 776, 778, 788, 793, 794, 795, 800, 801, 802, 803, 804, 805, 810, 811, 812, 821, 830, 831, 832, 833, 834, 835, 853, 854, 855, 865, 866, 867, 882, 883, 885, 891, 892, 896, 912, 913, 914, 915, 930, 931, 932, 935, 941, 942, 946, 962, 963, 964, 965, 984, 985, 986, 987, 990, 995, 996, 998, 999, 1005, 1006, 1009, 1010, 1013, 1016, 1017, 1018, 1021, 1022, 1023, 1026, 1027, 1028, 1031, 1032, 1033, 1036, 1037, 1040, 1041, 1051, 1065, 1074, 1075, 1077, 1079, 1089, 1090, 1091, 1092, 1102, 1103, 1104, 1105, 1106, 1108, 1110, 1111, 1112, 1115, 1132, 1133, 1135, 1136, 1137, 1138], "excluded_lines": [], "executed_branches": [], "missing_branches": [[45, 47], [45, 63], [64, 65], [64, 72], [65, 64], [65, 66], [140, 141], [140, 143], [168, 169], [168, 171], [207, 208], [207, 209], [209, 210], [209, 211], [211, 212], [211, 215], [234, 235], [234, 236], [236, 237], [236, 239], [254, 255], [254, 261], [498, 500], [498, 512], [549, 550], [549, 552], [638, 639], [638, 640], [640, 641], [640, 643], [664, 665], [664, 684], [692, 693], [692, 710], [694, 692], [694, 695], [715, 716], [715, 717], [722, 723], [722, 724], [729, 730], [729, 739], [744, 745], [744, 788], [793, 794], [793, 795], [800, 801], [800, 805], [810, 811], [810, 821], [830, 831], [830, 835], [854, -838], [854, 855], [882, 883], [882, 915], [930, 931], [930, 965], [984, 985], [984, 1092], [998, 999], [998, 1005], [1016, 1017], [1016, 1040], [1017, 1018], [1017, 1021], [1022, 1023], [1022, 1026], [1102, 1103], [1102, 1138], [1110, 1111], [1110, 1115]], "functions": {"UserCRUD.get_or_create_user": {"executed_lines": [], "summary": {"covered_lines": 0, "num_statements": 26, "percent_covered": 0.0, "percent_covered_display": "0.00", "missing_lines": 26, "excluded_lines": 0, "num_branches": 6, "num_partial_branches": 0, "covered_branches": 0, "missing_branches": 6}, "missing_lines": [37, 38, 41, 42, 43, 45, 47, 48, 49, 50, 52, 53, 60, 63, 64, 65, 66, 67, 72, 75, 76, 78, 80, 81, 82, 88], "excluded_lines": [], "executed_branches": [], "missing_branches": [[45, 47], [45, 63], [64, 65], [64, 72], [65, 64], [65, 66]]}, "UserCRUD.get_user_by_telegram_id": {"executed_lines": [], "summary": {"covered_lines": 0, "num_statements": 7, "percent_covered": 0.0, "percent_covered_display": "0.00", "missing_lines": 7, "excluded_lines": 0, "num_branches": 0, "num_partial_branches": 0, "covered_branches": 0, "missing_branches": 0}, "missing_lines": [96, 97, 98, 99, 100, 101, 102], "excluded_lines": [], "executed_branches": [], "missing_branches": []}, "UserCRUD.get_user_by_id": {"executed_lines": [], "summary": {"covered_lines": 0, "num_statements": 7, "percent_covered": 0.0, "percent_covered_display": "0.00", "missing_lines": 7, "excluded_lines": 0, "num_branches": 0, "num_partial_branches": 0, "covered_branches": 0, "missing_branches": 0}, "missing_lines": [110, 111, 115, 116, 117, 118, 119], "excluded_lines": [], "executed_branches": [], "missing_branches": []}, "UserCRUD.block_user": {"executed_lines": [], "summary": {"covered_lines": 0, "num_statements": 12, "percent_covered": 0.0, "percent_covered_display": "0.00", "missing_lines": 12, "excluded_lines": 0, "num_branches": 2, "num_partial_branches": 0, "covered_branches": 0, "missing_branches": 2}, "missing_lines": [128, 129, 137, 138, 140, 141, 142, 143, 145, 146, 147, 148], "excluded_lines": [], "executed_branches": [], "missing_branches": [[140, 141], [140, 143]]}, "UserCRUD.unblock_user": {"executed_lines": [], "summary": {"covered_lines": 0, "num_statements": 12, "percent_covered": 0.0, "percent_covered_display": "0.00", "missing_lines": 12, "excluded_lines": 0, "num_branches": 2, "num_partial_branches": 0, "covered_branches": 0, "missing_branches": 2}, "missing_lines": [156, 157, 165, 166, 168, 169, 170, 171, 173, 174, 175, 176], "excluded_lines": [], "executed_branches": [], "missing_branches": [[168, 169], [168, 171]]}, "UserCRUD.is_user_blocked": {"executed_lines": [], "summary": {"covered_lines": 0, "num_statements": 8, "percent_covered": 0.0, "percent_covered_display": "0.00", "missing_lines": 8, "excluded_lines": 0, "num_branches": 0, "num_partial_branches": 0, "covered_branches": 0, "missing_branches": 0}, "missing_lines": [184, 185, 186, 187, 188, 189, 190, 191], "excluded_lines": [], "executed_branches": [], "missing_branches": []}, "UserCRUD.get_all_users": {"executed_lines": [], "summary": {"covered_lines": 0, "num_statements": 14, "percent_covered": 0.0, "percent_covered_display": "0.00", "missing_lines": 14, "excluded_lines": 0, "num_branches": 6, "num_partial_branches": 0, "covered_branches": 0, "missing_branches": 6}, "missing_lines": [203, 204, 207, 208, 209, 210, 211, 212, 215, 217, 218, 220, 221, 222], "excluded_lines": [], "executed_branches": [], "missing_branches": [[207, 208], [207, 209], [209, 210], [209, 211], [211, 212], [211, 215]]}, "UserCRUD.get_users_count": {"executed_lines": [], "summary": {"covered_lines": 0, "num_statements": 11, "percent_covered": 0.0, "percent_covered_display": "0.00", "missing_lines": 11, "excluded_lines": 0, "num_branches": 4, "num_partial_branches": 0, "covered_branches": 0, "missing_branches": 4}, "missing_lines": [231, 232, 234, 235, 236, 237, 239, 240, 242, 243, 244], "excluded_lines": [], "executed_branches": [], "missing_branches": [[234, 235], [234, 236], [236, 237], [236, 239]]}, "UserCRUD.increment_user_counter": {"executed_lines": [], "summary": {"covered_lines": 0, "num_statements": 9, "percent_covered": 0.0, "percent_covered_display": "0.00", "missing_lines": 9, "excluded_lines": 0, "num_branches": 2, "num_partial_branches": 0, "covered_branches": 0, "missing_branches": 2}, "missing_lines": [253, 254, 255, 261, 267, 268, 270, 271, 272], "excluded_lines": [], "executed_branches": [], "missing_branches": [[254, 255], [254, 261]]}, "UserCRUD.update_user_department": {"executed_lines": [], "summary": {"covered_lines": 0, "num_statements": 9, "percent_covered": 0.0, "percent_covered_display": "0.00", "missing_lines": 9, "excluded_lines": 0, "num_branches": 0, "num_partial_branches": 0, "covered_branches": 0, "missing_branches": 0}, "missing_lines": [281, 282, 287, 288, 289, 291, 292, 293, 294], "excluded_lines": [], "executed_branches": [], "missing_branches": []}, "ActivityCRUD.log_activity": {"executed_lines": [], "summary": {"covered_lines": 0, "num_statements": 7, "percent_covered": 0.0, "percent_covered_display": "0.00", "missing_lines": 7, "excluded_lines": 0, "num_branches": 0, "num_partial_branches": 0, "covered_branches": 0, "missing_branches": 0}, "missing_lines": [312, 313, 322, 323, 325, 326, 327], "excluded_lines": [], "executed_branches": [], "missing_branches": []}, "ActivityCRUD.get_user_activity": {"executed_lines": [], "summary": {"covered_lines": 0, "num_statements": 7, "percent_covered": 0.0, "percent_covered_display": "0.00", "missing_lines": 7, "excluded_lines": 0, "num_branches": 0, "num_partial_branches": 0, "covered_branches": 0, "missing_branches": 0}, "missing_lines": [337, 338, 345, 346, 348, 349, 350], "excluded_lines": [], "executed_branches": [], "missing_branches": []}, "ActivityCRUD.get_popular_sections": {"executed_lines": [], "summary": {"covered_lines": 0, "num_statements": 8, "percent_covered": 0.0, "percent_covered_display": "0.00", "missing_lines": 8, "excluded_lines": 0, "num_branches": 0, "num_partial_branches": 0, "covered_branches": 0, "missing_branches": 0}, "missing_lines": [359, 360, 362, 377, 378, 380, 381, 382], "excluded_lines": [], "executed_branches": [], "missing_branches": []}, "ActivityCRUD.get_activity_stats": {"executed_lines": [], "summary": {"covered_lines": 0, "num_statements": 13, "percent_covered": 0.0, "percent_covered_display": "0.00", "missing_lines": 13, "excluded_lines": 0, "num_branches": 0, "num_partial_branches": 0, "covered_branches": 0, "missing_branches": 0}, "missing_lines": [390, 391, 394, 398, 401, 405, 408, 418, 419, 421, 428, 429, 430], "excluded_lines": [], "executed_branches": [], "missing_branches": []}, "ContentCRUD.get_content": {"executed_lines": [], "summary": {"covered_lines": 0, "num_statements": 7, "percent_covered": 0.0, "percent_covered_display": "0.00", "missing_lines": 7, "excluded_lines": 0, "num_branches": 0, "num_partial_branches": 0, "covered_branches": 0, "missing_branches": 0}, "missing_lines": [442, 443, 449, 450, 452, 453, 454], "excluded_lines": [], "executed_branches": [], "missing_branches": []}, "ContentCRUD.get_section_content": {"executed_lines": [], "summary": {"covered_lines": 0, "num_statements": 7, "percent_covered": 0.0, "percent_covered_display": "0.00", "missing_lines": 7, "excluded_lines": 0, "num_branches": 0, "num_partial_branches": 0, "covered_branches": 0, "missing_branches": 0}, "missing_lines": [462, 463, 473, 474, 476, 477, 478], "excluded_lines": [], "executed_branches": [], "missing_branches": []}, "ContentCRUD.create_or_update_content": {"executed_lines": [], "summary": {"covered_lines": 0, "num_statements": 24, "percent_covered": 0.0, "percent_covered_display": "0.00", "missing_lines": 24, "excluded_lines": 0, "num_branches": 2, "num_partial_branches": 0, "covered_branches": 0, "missing_branches": 2}, "missing_lines": [493, 494, 495, 496, 498, 500, 501, 502, 503, 504, 505, 506, 507, 509, 512, 522, 523, 525, 526, 527, 529, 530, 531, 532], "excluded_lines": [], "executed_branches": [], "missing_branches": [[498, 500], [498, 512]]}, "ContentCRUD.delete_content": {"executed_lines": [], "summary": {"covered_lines": 0, "num_statements": 12, "percent_covered": 0.0, "percent_covered_display": "0.00", "missing_lines": 12, "excluded_lines": 0, "num_branches": 2, "num_partial_branches": 0, "covered_branches": 0, "missing_branches": 2}, "missing_lines": [540, 541, 546, 547, 549, 550, 551, 552, 554, 555, 556, 557], "excluded_lines": [], "executed_branches": [], "missing_branches": [[549, 550], [549, 552]]}, "ContentCRUD.search_content": {"executed_lines": [], "summary": {"covered_lines": 0, "num_statements": 8, "percent_covered": 0.0, "percent_covered_display": "0.00", "missing_lines": 8, "excluded_lines": 0, "num_branches": 0, "num_partial_branches": 0, "covered_branches": 0, "missing_branches": 0}, "missing_lines": [566, 568, 570, 584, 585, 587, 588, 589], "excluded_lines": [], "executed_branches": [], "missing_branches": []}, "AdminLogCRUD.log_admin_action": {"executed_lines": [], "summary": {"covered_lines": 0, "num_statements": 7, "percent_covered": 0.0, "percent_covered_display": "0.00", "missing_lines": 7, "excluded_lines": 0, "num_branches": 0, "num_partial_branches": 0, "covered_branches": 0, "missing_branches": 0}, "missing_lines": [607, 608, 617, 618, 620, 621, 622], "excluded_lines": [], "executed_branches": [], "missing_branches": []}, "AdminLogCRUD.get_admin_logs": {"executed_lines": [], "summary": {"covered_lines": 0, "num_statements": 13, "percent_covered": 0.0, "percent_covered_display": "0.00", "missing_lines": 13, "excluded_lines": 0, "num_branches": 4, "num_partial_branches": 0, "covered_branches": 0, "missing_branches": 4}, "missing_lines": [633, 634, 636, 638, 639, 640, 641, 643, 645, 646, 648, 649, 650], "excluded_lines": [], "executed_branches": [], "missing_branches": [[638, 639], [638, 640], [640, 641], [640, 643]]}, "get_all_users": {"executed_lines": [], "summary": {"covered_lines": 0, "num_statements": 4, "percent_covered": 0.0, "percent_covered_display": "0.00", "missing_lines": 4, "excluded_lines": 0, "num_branches": 2, "num_partial_branches": 0, "covered_branches": 0, "missing_branches": 2}, "missing_lines": [664, 665, 666, 684], "excluded_lines": [], "executed_branches": [], "missing_branches": [[664, 665], [664, 684]]}, "get_user_by_telegram_id": {"executed_lines": [], "summary": {"covered_lines": 0, "num_statements": 5, "percent_covered": 0.0, "percent_covered_display": "0.00", "missing_lines": 5, "excluded_lines": 0, "num_branches": 4, "num_partial_branches": 0, "covered_branches": 0, "missing_branches": 4}, "missing_lines": [692, 693, 694, 695, 710], "excluded_lines": [], "executed_branches": [], "missing_branches": [[692, 693], [692, 710], [694, 692], [694, 695]]}, "block_user": {"executed_lines": [], "summary": {"covered_lines": 0, "num_statements": 3, "percent_covered": 0.0, "percent_covered_display": "0.00", "missing_lines": 3, "excluded_lines": 0, "num_branches": 2, "num_partial_branches": 0, "covered_branches": 0, "missing_branches": 2}, "missing_lines": [715, 716, 717], "excluded_lines": [], "executed_branches": [], "missing_branches": [[715, 716], [715, 717]]}, "unblock_user": {"executed_lines": [], "summary": {"covered_lines": 0, "num_statements": 3, "percent_covered": 0.0, "percent_covered_display": "0.00", "missing_lines": 3, "excluded_lines": 0, "num_branches": 2, "num_partial_branches": 0, "covered_branches": 0, "missing_branches": 2}, "missing_lines": [722, 723, 724], "excluded_lines": [], "executed_branches": [], "missing_branches": [[722, 723], [722, 724]]}, "get_user_activity": {"executed_lines": [], "summary": {"covered_lines": 0, "num_statements": 4, "percent_covered": 0.0, "percent_covered_display": "0.00", "missing_lines": 4, "excluded_lines": 0, "num_branches": 2, "num_partial_branches": 0, "covered_branches": 0, "missing_branches": 2}, "missing_lines": [729, 730, 731, 739], "excluded_lines": [], "executed_branches": [], "missing_branches": [[729, 730], [729, 739]]}, "get_statistics": {"executed_lines": [], "summary": {"covered_lines": 0, "num_statements": 17, "percent_covered": 0.0, "percent_covered_display": "0.00", "missing_lines": 17, "excluded_lines": 0, "num_branches": 2, "num_partial_branches": 0, "covered_branches": 0, "missing_branches": 2}, "missing_lines": [744, 745, 746, 749, 752, 753, 756, 759, 760, 763, 766, 769, 772, 773, 776, 778, 788], "excluded_lines": [], "executed_branches": [], "missing_branches": [[744, 745], [744, 788]]}, "get_active_users_count": {"executed_lines": [], "summary": {"covered_lines": 0, "num_statements": 3, "percent_covered": 0.0, "percent_covered_display": "0.00", "missing_lines": 3, "excluded_lines": 0, "num_branches": 2, "num_partial_branches": 0, "covered_branches": 0, "missing_branches": 2}, "missing_lines": [793, 794, 795], "excluded_lines": [], "executed_branches": [], "missing_branches": [[793, 794], [793, 795]]}, "get_new_users_count": {"executed_lines": [], "summary": {"covered_lines": 0, "num_statements": 6, "percent_covered": 0.0, "percent_covered_display": "0.00", "missing_lines": 6, "excluded_lines": 0, "num_branches": 2, "num_partial_branches": 0, "covered_branches": 0, "missing_branches": 2}, "missing_lines": [800, 801, 802, 803, 804, 805], "excluded_lines": [], "executed_branches": [], "missing_branches": [[800, 801], [800, 805]]}, "get_blocked_users": {"executed_lines": [], "summary": {"covered_lines": 0, "num_statements": 4, "percent_covered": 0.0, "percent_covered_display": "0.00", "missing_lines": 4, "excluded_lines": 0, "num_branches": 2, "num_partial_branches": 0, "covered_branches": 0, "missing_branches": 2}, "missing_lines": [810, 811, 812, 821], "excluded_lines": [], "executed_branches": [], "missing_branches": [[810, 811], [810, 821]]}, "get_section_statistics": {"executed_lines": [], "summary": {"covered_lines": 0, "num_statements": 6, "percent_covered": 0.0, "percent_covered_display": "0.00", "missing_lines": 6, "excluded_lines": 0, "num_branches": 2, "num_partial_branches": 0, "covered_branches": 0, "missing_branches": 2}, "missing_lines": [830, 831, 832, 833, 834, 835], "excluded_lines": [], "executed_branches": [], "missing_branches": [[830, 831], [830, 835]]}, "log_user_activity": {"executed_lines": [], "summary": {"covered_lines": 0, "num_statements": 6, "percent_covered": 0.0, "percent_covered_display": "0.00", "missing_lines": 6, "excluded_lines": 0, "num_branches": 2, "num_partial_branches": 0, "covered_branches": 0, "missing_branches": 2}, "missing_lines": [853, 854, 855, 865, 866, 867], "excluded_lines": [], "executed_branches": [], "missing_branches": [[854, -838], [854, 855]]}, "get_recent_activity": {"executed_lines": [], "summary": {"covered_lines": 0, "num_statements": 10, "percent_covered": 0.0, "percent_covered_display": "0.00", "missing_lines": 10, "excluded_lines": 0, "num_branches": 2, "num_partial_branches": 0, "covered_branches": 0, "missing_branches": 2}, "missing_lines": [882, 883, 885, 891, 892, 896, 912, 913, 914, 915], "excluded_lines": [], "executed_branches": [], "missing_branches": [[882, 883], [882, 915]]}, "get_all_activity_for_export": {"executed_lines": [], "summary": {"covered_lines": 0, "num_statements": 11, "percent_covered": 0.0, "percent_covered_display": "0.00", "missing_lines": 11, "excluded_lines": 0, "num_branches": 2, "num_partial_branches": 0, "covered_branches": 0, "missing_branches": 2}, "missing_lines": [930, 931, 932, 935, 941, 942, 946, 962, 963, 964, 965], "excluded_lines": [], "executed_branches": [], "missing_branches": [[930, 931], [930, 965]]}, "get_date_statistics": {"executed_lines": [], "summary": {"covered_lines": 0, "num_statements": 40, "percent_covered": 0.0, "percent_covered_display": "0.00", "missing_lines": 40, "excluded_lines": 0, "num_branches": 10, "num_partial_branches": 0, "covered_branches": 0, "missing_branches": 10}, "missing_lines": [984, 985, 986, 987, 990, 995, 996, 998, 999, 1005, 1006, 1009, 1010, 1013, 1016, 1017, 1018, 1021, 1022, 1023, 1026, 1027, 1028, 1031, 1032, 1033, 1036, 1037, 1040, 1041, 1051, 1065, 1074, 1075, 1077, 1079, 1089, 1090, 1091, 1092], "excluded_lines": [], "executed_branches": [], "missing_branches": [[984, 985], [984, 1092], [998, 999], [998, 1005], [1016, 1017], [1016, 1040], [1017, 1018], [1017, 1021], [1022, 1023], [1022, 1026]]}, "get_users_for_export": {"executed_lines": [], "summary": {"covered_lines": 0, "num_statements": 16, "percent_covered": 0.0, "percent_covered_display": "0.00", "missing_lines": 16, "excluded_lines": 0, "num_branches": 4, "num_partial_branches": 0, "covered_branches": 0, "missing_branches": 4}, "missing_lines": [1102, 1103, 1104, 1105, 1106, 1108, 1110, 1111, 1112, 1115, 1132, 1133, 1135, 1136, 1137, 1138], "excluded_lines": [], "executed_branches": [], "missing_branches": [[1102, 1103], [1102, 1138], [1110, 1111], [1110, 1115]]}, "": {"executed_lines": [1, 5, 6, 7, 8, 9, 11, 21, 22, 23, 24, 27, 28, 30, 31, 90, 91, 104, 105, 121, 122, 150, 151, 178, 179, 193, 194, 224, 225, 246, 247, 274, 275, 297, 298, 300, 301, 329, 330, 352, 353, 384, 385, 433, 434, 436, 437, 456, 457, 480, 481, 534, 535, 559, 560, 592, 593, 595, 596, 624, 625, 657, 687, 713, 720, 727, 742, 791, 798, 808, 824, 838, 870, 918, 968, 1095, 1142], "summary": {"covered_lines": 72, "num_statements": 72, "percent_covered": 100.0, "percent_covered_display": "100.00", "missing_lines": 0, "excluded_lines": 0, "num_branches": 0, "num_partial_branches": 0, "covered_branches": 0, "missing_branches": 0}, "missing_lines": [], "excluded_lines": [], "executed_branches": [], "missing_branches": []}}, "classes": {"UserCRUD": {"executed_lines": [], "summary": {"covered_lines": 0, "num_statements": 115, "percent_covered": 0.0, "percent_covered_display": "0.00", "missing_lines": 115, "excluded_lines": 0, "num_branches": 22, "num_partial_branches": 0, "covered_branches": 0, "missing_branches": 22}, "missing_lines": [37, 38, 41, 42, 43, 45, 47, 48, 49, 50, 52, 53, 60, 63, 64, 65, 66, 67, 72, 75, 76, 78, 80, 81, 82, 88, 96, 97, 98, 99, 100, 101, 102, 110, 111, 115, 116, 117, 118, 119, 128, 129, 137, 138, 140, 141, 142, 143, 145, 146, 147, 148, 156, 157, 165, 166, 168, 169, 170, 171, 173, 174, 175, 176, 184, 185, 186, 187, 188, 189, 190, 191, 203, 204, 207, 208, 209, 210, 211, 212, 215, 217, 218, 220, 221, 222, 231, 232, 234, 235, 236, 237, 239, 240, 242, 243, 244, 253, 254, 255, 261, 267, 268, 270, 271, 272, 281, 282, 287, 288, 289, 291, 292, 293, 294], "excluded_lines": [], "executed_branches": [], "missing_branches": [[45, 47], [45, 63], [64, 65], [64, 72], [65, 64], [65, 66], [140, 141], [140, 143], [168, 169], [168, 171], [207, 208], [207, 209], [209, 210], [209, 211], [211, 212], [211, 215], [234, 235], [234, 236], [236, 237], [236, 239], [254, 255], [254, 261]]}, "ActivityCRUD": {"executed_lines": [], "summary": {"covered_lines": 0, "num_statements": 35, "percent_covered": 0.0, "percent_covered_display": "0.00", "missing_lines": 35, "excluded_lines": 0, "num_branches": 0, "num_partial_branches": 0, "covered_branches": 0, "missing_branches": 0}, "missing_lines": [312, 313, 322, 323, 325, 326, 327, 337, 338, 345, 346, 348, 349, 350, 359, 360, 362, 377, 378, 380, 381, 382, 390, 391, 394, 398, 401, 405, 408, 418, 419, 421, 428, 429, 430], "excluded_lines": [], "executed_branches": [], "missing_branches": []}, "ContentCRUD": {"executed_lines": [], "summary": {"covered_lines": 0, "num_statements": 58, "percent_covered": 0.0, "percent_covered_display": "0.00", "missing_lines": 58, "excluded_lines": 0, "num_branches": 4, "num_partial_branches": 0, "covered_branches": 0, "missing_branches": 4}, "missing_lines": [442, 443, 449, 450, 452, 453, 454, 462, 463, 473, 474, 476, 477, 478, 493, 494, 495, 496, 498, 500, 501, 502, 503, 504, 505, 506, 507, 509, 512, 522, 523, 525, 526, 527, 529, 530, 531, 532, 540, 541, 546, 547, 549, 550, 551, 552, 554, 555, 556, 557, 566, 568, 570, 584, 585, 587, 588, 589], "excluded_lines": [], "executed_branches": [], "missing_branches": [[498, 500], [498, 512], [549, 550], [549, 552]]}, "AdminLogCRUD": {"executed_lines": [], "summary": {"covered_lines": 0, "num_statements": 20, "percent_covered": 0.0, "percent_covered_display": "0.00", "missing_lines": 20, "excluded_lines": 0, "num_branches": 4, "num_partial_branches": 0, "covered_branches": 0, "missing_branches": 4}, "missing_lines": [607, 608, 617, 618, 620, 621, 622, 633, 634, 636, 638, 639, 640, 641, 643, 645, 646, 648, 649, 650], "excluded_lines": [], "executed_branches": [], "missing_branches": [[638, 639], [638, 640], [640, 641], [640, 643]]}, "": {"executed_lines": [1, 5, 6, 7, 8, 9, 11, 21, 22, 23, 24, 27, 28, 30, 31, 90, 91, 104, 105, 121, 122, 150, 151, 178, 179, 193, 194, 224, 225, 246, 247, 274, 275, 297, 298, 300, 301, 329, 330, 352, 353, 384, 385, 433, 434, 436, 437, 456, 457, 480, 481, 534, 535, 559, 560, 592, 593, 595, 596, 624, 625, 657, 687, 713, 720, 727, 742, 791, 798, 808, 824, 838, 870, 918, 968, 1095, 1142], "summary": {"covered_lines": 72, "num_statements": 210, "percent_covered": 28.571428571428573, "percent_covered_display": "28.57", "missing_lines": 138, "excluded_lines": 0, "num_branches": 42, "num_partial_branches": 0, "covered_branches": 0, "missing_branches": 42}, "missing_lines": [664, 665, 666, 684, 692, 693, 694, 695, 710, 715, 716, 717, 722, 723, 724, 729, 730, 731, 739, 744, 745, 746, 749, 752, 753, 756, 759, 760, 763, 766, 769, 772, 773, 776, 778, 788, 793, 794, 795, 800, 801, 802, 803, 804, 805, 810, 811, 812, 821, 830, 831, 832, 833, 834, 835, 853, 854, 855, 865, 866, 867, 882, 883, 885, 891, 892, 896, 912, 913, 914, 915, 930, 931, 932, 935, 941, 942, 946, 962, 963, 964, 965, 984, 985, 986, 987, 990, 995, 996, 998, 999, 1005, 1006, 1009, 1010, 1013, 1016, 1017, 1018, 1021, 1022, 1023, 1026, 1027, 1028, 1031, 1032, 1033, 1036, 1037, 1040, 1041, 1051, 1065, 1074, 1075, 1077, 1079, 1089, 1090, 1091, 1092, 1102, 1103, 1104, 1105, 1106, 1108, 1110, 1111, 1112, 1115, 1132, 1133, 1135, 1136, 1137, 1138], "excluded_lines": [], "executed_branches": [], "missing_branches": [[664, 665], [664, 684], [692, 693], [692, 710], [694, 692], [694, 695], [715, 716], [715, 717], [722, 723], [722, 724], [729, 730], [729, 739], [744, 745], [744, 788], [793, 794], [793, 795], [800, 801], [800, 805], [810, 811], [810, 821], [830, 831], [830, 835], [854, -838], [854, 855], [882, 883], [882, 915], [930, 931], [930, 965], [984, 985], [984, 1092], [998, 999], [998, 1005], [1016, 1017], [1016, 1040], [1017, 1018], [1017, 1021], [1022, 1023], [1022, 1026], [1102, 1103], [1102, 1138], [1110, 1111], [1110, 1115]]}}}, "database/database.py": {"executed_lines": [1, 5, 6, 8, 14, 15, 17, 18, 21, 22, 24, 53, 100, 110, 120, 131, 137, 138, 159, 174, 175, 188, 191, 228, 242, 253, 292], "summary": {"covered_lines": 25, "num_statements": 114, "percent_covered": 18.939393939393938, "percent_covered_display": "18.94", "missing_lines": 89, "excluded_lines": 0, "num_branches": 18, "num_partial_branches": 0, "covered_branches": 0, "missing_branches": 18}, "missing_lines": [44, 45, 46, 47, 48, 49, 50, 51, 55, 57, 59, 68, 80, 89, 92, 94, 96, 97, 98, 102, 103, 104, 105, 106, 107, 108, 112, 113, 114, 115, 116, 117, 118, 122, 123, 124, 125, 126, 127, 128, 129, 133, 134, 135, 145, 146, 148, 149, 150, 151, 152, 153, 154, 155, 157, 170, 171, 172, 177, 179, 180, 181, 182, 183, 184, 215, 223, 225, 235, 236, 238, 239, 246, 247, 248, 249, 260, 261, 263, 264, 266, 267, 270, 272, 273, 275, 279, 288, 289], "excluded_lines": [], "executed_branches": [], "missing_branches": [[57, 59], [57, 68], [133, -131], [133, 134], [145, 146], [145, 148], [177, 179], [177, 184], [180, 181], [180, 184], [235, 236], [235, 238], [246, -242], [246, 247], [260, 261], [260, 263], [266, 267], [266, 270]], "functions": {"DatabaseManager.__init__": {"executed_lines": [], "summary": {"covered_lines": 0, "num_statements": 8, "percent_covered": 0.0, "percent_covered_display": "0.00", "missing_lines": 8, "excluded_lines": 0, "num_branches": 0, "num_partial_branches": 0, "covered_branches": 0, "missing_branches": 0}, "missing_lines": [44, 45, 46, 47, 48, 49, 50, 51], "excluded_lines": [], "executed_branches": [], "missing_branches": []}, "DatabaseManager.init": {"executed_lines": [], "summary": {"covered_lines": 0, "num_statements": 11, "percent_covered": 0.0, "percent_covered_display": "0.00", "missing_lines": 11, "excluded_lines": 0, "num_branches": 2, "num_partial_branches": 0, "covered_branches": 0, "missing_branches": 2}, "missing_lines": [55, 57, 59, 68, 80, 89, 92, 94, 96, 97, 98], "excluded_lines": [], "executed_branches": [], "missing_branches": [[57, 59], [57, 68]]}, "DatabaseManager.create_tables": {"executed_lines": [], "summary": {"covered_lines": 0, "num_statements": 7, "percent_covered": 0.0, "percent_covered_display": "0.00", "missing_lines": 7, "excluded_lines": 0, "num_branches": 0, "num_partial_branches": 0, "covered_branches": 0, "missing_branches": 0}, "missing_lines": [102, 103, 104, 105, 106, 107, 108], "excluded_lines": [], "executed_branches": [], "missing_branches": []}, "DatabaseManager.drop_tables": {"executed_lines": [], "summary": {"covered_lines": 0, "num_statements": 7, "percent_covered": 0.0, "percent_covered_display": "0.00", "missing_lines": 7, "excluded_lines": 0, "num_branches": 0, "num_partial_branches": 0, "covered_branches": 0, "missing_branches": 0}, "missing_lines": [112, 113, 114, 115, 116, 117, 118], "excluded_lines": [], "executed_branches": [], "missing_branches": []}, "DatabaseManager.check_connection": {"executed_lines": [], "summary": {"covered_lines": 0, "num_statements": 8, "percent_covered": 0.0, "percent_covered_display": "0.00", "missing_lines": 8, "excluded_lines": 0, "num_branches": 0, "num_partial_branches": 0, "covered_branches": 0, "missing_branches": 0}, "missing_lines": [122, 123, 124, 125, 126, 127, 128, 129], "excluded_lines": [], "executed_branches": [], "missing_branches": []}, "DatabaseManager.close": {"executed_lines": [], "summary": {"covered_lines": 0, "num_statements": 3, "percent_covered": 0.0, "percent_covered_display": "0.00", "missing_lines": 3, "excluded_lines": 0, "num_branches": 2, "num_partial_branches": 0, "covered_branches": 0, "missing_branches": 2}, "missing_lines": [133, 134, 135], "excluded_lines": [], "executed_branches": [], "missing_branches": [[133, -131], [133, 134]]}, "DatabaseManager.get_session": {"executed_lines": [], "summary": {"covered_lines": 0, "num_statements": 11, "percent_covered": 0.0, "percent_covered_display": "0.00", "missing_lines": 11, "excluded_lines": 0, "num_branches": 2, "num_partial_branches": 0, "covered_branches": 0, "missing_branches": 2}, "missing_lines": [145, 146, 148, 149, 150, 151, 152, 153, 154, 155, 157], "excluded_lines": [], "executed_branches": [], "missing_branches": [[145, 146], [145, 148]]}, "DatabaseManager.execute_raw": {"executed_lines": [], "summary": {"covered_lines": 0, "num_statements": 3, "percent_covered": 0.0, "percent_covered_display": "0.00", "missing_lines": 3, "excluded_lines": 0, "num_branches": 0, "num_partial_branches": 0, "covered_branches": 0, "missing_branches": 0}, "missing_lines": [170, 171, 172], "excluded_lines": [], "executed_branches": [], "missing_branches": []}, "DatabaseManager._safe_url": {"executed_lines": [], "summary": {"covered_lines": 0, "num_statements": 7, "percent_covered": 0.0, "percent_covered_display": "0.00", "missing_lines": 7, "excluded_lines": 0, "num_branches": 4, "num_partial_branches": 0, "covered_branches": 0, "missing_branches": 4}, "missing_lines": [177, 179, 180, 181, 182, 183, 184], "excluded_lines": [], "executed_branches": [], "missing_branches": [[177, 179], [177, 184], [180, 181], [180, 184]]}, "init_db": {"executed_lines": [], "summary": {"covered_lines": 0, "num_statements": 3, "percent_covered": 0.0, "percent_covered_display": "0.00", "missing_lines": 3, "excluded_lines": 0, "num_branches": 0, "num_partial_branches": 0, "covered_branches": 0, "missing_branches": 0}, "missing_lines": [215, 223, 225], "excluded_lines": [], "executed_branches": [], "missing_branches": []}, "get_db_session": {"executed_lines": [], "summary": {"covered_lines": 0, "num_statements": 4, "percent_covered": 0.0, "percent_covered_display": "0.00", "missing_lines": 4, "excluded_lines": 0, "num_branches": 2, "num_partial_branches": 0, "covered_branches": 0, "missing_branches": 2}, "missing_lines": [235, 236, 238, 239], "excluded_lines": [], "executed_branches": [], "missing_branches": [[235, 236], [235, 238]]}, "close_db": {"executed_lines": [], "summary": {"covered_lines": 0, "num_statements": 4, "percent_covered": 0.0, "percent_covered_display": "0.00", "missing_lines": 4, "excluded_lines": 0, "num_branches": 2, "num_partial_branches": 0, "covered_branches": 0, "missing_branches": 2}, "missing_lines": [246, 247, 248, 249], "excluded_lines": [], "executed_branches": [], "missing_branches": [[246, -242], [246, 247]]}, "check_db_health": {"executed_lines": [], "summary": {"covered_lines": 0, "num_statements": 13, "percent_covered": 0.0, "percent_covered_display": "0.00", "missing_lines": 13, "excluded_lines": 0, "num_branches": 4, "num_partial_branches": 0, "covered_branches": 0, "missing_branches": 4}, "missing_lines": [260, 261, 263, 264, 266, 267, 270, 272, 273, 275, 279, 288, 289], "excluded_lines": [], "executed_branches": [], "missing_branches": [[260, 261], [260, 263], [266, 267], [266, 270]]}, "": {"executed_lines": [1, 5, 6, 8, 14, 15, 17, 18, 21, 22, 24, 53, 100, 110, 120, 131, 137, 138, 159, 174, 175, 188, 191, 228, 242, 253, 292], "summary": {"covered_lines": 25, "num_statements": 25, "percent_covered": 100.0, "percent_covered_display": "100.00", "missing_lines": 0, "excluded_lines": 0, "num_branches": 0, "num_partial_branches": 0, "covered_branches": 0, "missing_branches": 0}, "missing_lines": [], "excluded_lines": [], "executed_branches": [], "missing_branches": []}}, "classes": {"DatabaseManager": {"executed_lines": [], "summary": {"covered_lines": 0, "num_statements": 65, "percent_covered": 0.0, "percent_covered_display": "0.00", "missing_lines": 65, "excluded_lines": 0, "num_branches": 10, "num_partial_branches": 0, "covered_branches": 0, "missing_branches": 10}, "missing_lines": [44, 45, 46, 47, 48, 49, 50, 51, 55, 57, 59, 68, 80, 89, 92, 94, 96, 97, 98, 102, 103, 104, 105, 106, 107, 108, 112, 113, 114, 115, 116, 117, 118, 122, 123, 124, 125, 126, 127, 128, 129, 133, 134, 135, 145, 146, 148, 149, 150, 151, 152, 153, 154, 155, 157, 170, 171, 172, 177, 179, 180, 181, 182, 183, 184], "excluded_lines": [], "executed_branches": [], "missing_branches": [[57, 59], [57, 68], [133, -131], [133, 134], [145, 146], [145, 148], [177, 179], [177, 184], [180, 181], [180, 184]]}, "": {"executed_lines": [1, 5, 6, 8, 14, 15, 17, 18, 21, 22, 24, 53, 100, 110, 120, 131, 137, 138, 159, 174, 175, 188, 191, 228, 242, 253, 292], "summary": {"covered_lines": 25, "num_statements": 49, "percent_covered": 43.85964912280702, "percent_covered_display": "43.86", "missing_lines": 24, "excluded_lines": 0, "num_branches": 8, "num_partial_branches": 0, "covered_branches": 0, "missing_branches": 8}, "missing_lines": [215, 223, 225, 235, 236, 238, 239, 246, 247, 248, 249, 260, 261, 263, 264, 266, 267, 270, 272, 273, 275, 279, 288, 289], "excluded_lines": [], "executed_branches": [], "missing_branches": [[235, 236], [235, 238], [246, -242], [246, 247], [260, 261], [260, 263], [266, 267], [266, 270]]}}}, "database/models.py": {"executed_lines": [1, 5, 6, 7, 9, 13, 14, 17, 18, 19, 22, 23, 24, 25, 26, 27, 30, 31, 32, 33, 34, 35, 38, 39, 40, 43, 46, 47, 48, 49, 50, 53, 57, 61, 62, 63, 64, 67, 68, 69, 72, 73, 80, 81, 84, 89, 94, 100, 103, 104, 113, 114, 121, 122, 123, 125, 126, 129, 130, 131, 134, 135, 136, 139, 142, 145, 150, 154, 155, 156, 158, 161, 162, 163, 166, 167, 168, 169, 172, 173, 174, 177, 178, 184, 188, 189, 190, 192, 195, 196, 197, 200, 201, 204, 205, 206, 209, 212, 215, 216, 223, 228, 232, 233, 234, 236, 237, 240, 241, 242, 243, 246, 247, 248, 251, 254, 255, 261, 265, 269, 270, 271, 273, 274, 279, 286, 287, 288, 291, 294, 295, 297, 301, 302, 303, 305, 306, 309, 310, 311, 314, 315, 318, 319, 322, 325, 327, 331, 332, 333, 335, 338, 339, 340, 341, 344, 348, 354, 355, 356, 359, 362, 363, 364, 366, 370, 371, 372, 374, 375, 376, 377, 378, 381, 382, 388], "summary": {"covered_lines": 163, "num_statements": 181, "percent_covered": 87.16577540106952, "percent_covered_display": "87.17", "missing_lines": 18, "excluded_lines": 0, "num_branches": 6, "num_partial_branches": 0, "covered_branches": 0, "missing_branches": 6}, "missing_lines": [101, 106, 107, 108, 109, 110, 111, 116, 117, 118, 151, 185, 229, 266, 298, 328, 367, 389], "excluded_lines": [], "executed_branches": [], "missing_branches": [[107, 108], [107, 109], [109, 110], [109, 111], [116, 117], [116, 118]], "functions": {"User.__repr__": {"executed_lines": [], "summary": {"covered_lines": 0, "num_statements": 1, "percent_covered": 0.0, "percent_covered_display": "0.00", "missing_lines": 1, "excluded_lines": 0, "num_branches": 0, "num_partial_branches": 0, "covered_branches": 0, "missing_branches": 0}, "missing_lines": [101], "excluded_lines": [], "executed_branches": [], "missing_branches": []}, "User.full_name": {"executed_lines": [], "summary": {"covered_lines": 0, "num_statements": 6, "percent_covered": 0.0, "percent_covered_display": "0.00", "missing_lines": 6, "excluded_lines": 0, "num_branches": 4, "num_partial_branches": 0, "covered_branches": 0, "missing_branches": 4}, "missing_lines": [106, 107, 108, 109, 110, 111], "excluded_lines": [], "executed_branches": [], "missing_branches": [[107, 108], [107, 109], [109, 110], [109, 111]]}, "User.mention": {"executed_lines": [], "summary": {"covered_lines": 0, "num_statements": 3, "percent_covered": 0.0, "percent_covered_display": "0.00", "missing_lines": 3, "excluded_lines": 0, "num_branches": 2, "num_partial_branches": 0, "covered_branches": 0, "missing_branches": 2}, "missing_lines": [116, 117, 118], "excluded_lines": [], "executed_branches": [], "missing_branches": [[116, 117], [116, 118]]}, "UserActivity.__repr__": {"executed_lines": [], "summary": {"covered_lines": 0, "num_statements": 1, "percent_covered": 0.0, "percent_covered_display": "0.00", "missing_lines": 1, "excluded_lines": 0, "num_branches": 0, "num_partial_branches": 0, "covered_branches": 0, "missing_branches": 0}, "missing_lines": [151], "excluded_lines": [], "executed_branches": [], "missing_branches": []}, "Content.__repr__": {"executed_lines": [], "summary": {"covered_lines": 0, "num_statements": 1, "percent_covered": 0.0, "percent_covered_display": "0.00", "missing_lines": 1, "excluded_lines": 0, "num_branches": 0, "num_partial_branches": 0, "covered_branches": 0, "missing_branches": 0}, "missing_lines": [185], "excluded_lines": [], "executed_branches": [], "missing_branches": []}, "TestQuestion.__repr__": {"executed_lines": [], "summary": {"covered_lines": 0, "num_statements": 1, "percent_covered": 0.0, "percent_covered_display": "0.00", "missing_lines": 1, "excluded_lines": 0, "num_branches": 0, "num_partial_branches": 0, "covered_branches": 0, "missing_branches": 0}, "missing_lines": [229], "excluded_lines": [], "executed_branches": [], "missing_branches": []}, "TestResult.__repr__": {"executed_lines": [], "summary": {"covered_lines": 0, "num_statements": 1, "percent_covered": 0.0, "percent_covered_display": "0.00", "missing_lines": 1, "excluded_lines": 0, "num_branches": 0, "num_partial_branches": 0, "covered_branches": 0, "missing_branches": 0}, "missing_lines": [266], "excluded_lines": [], "executed_branches": [], "missing_branches": []}, "TestAnswer.__repr__": {"executed_lines": [], "summary": {"covered_lines": 0, "num_statements": 1, "percent_covered": 0.0, "percent_covered_display": "0.00", "missing_lines": 1, "excluded_lines": 0, "num_branches": 0, "num_partial_branches": 0, "covered_branches": 0, "missing_branches": 0}, "missing_lines": [298], "excluded_lines": [], "executed_branches": [], "missing_branches": []}, "AdminLog.__repr__": {"executed_lines": [], "summary": {"covered_lines": 0, "num_statements": 1, "percent_covered": 0.0, "percent_covered_display": "0.00", "missing_lines": 1, "excluded_lines": 0, "num_branches": 0, "num_partial_branches": 0, "covered_branches": 0, "missing_branches": 0}, "missing_lines": [328], "excluded_lines": [], "executed_branches": [], "missing_branches": []}, "BroadcastMessage.__repr__": {"executed_lines": [], "summary": {"covered_lines": 0, "num_statements": 1, "percent_covered": 0.0, "percent_covered_display": "0.00", "missing_lines": 1, "excluded_lines": 0, "num_branches": 0, "num_partial_branches": 0, "covered_branches": 0, "missing_branches": 0}, "missing_lines": [367], "excluded_lines": [], "executed_branches": [], "missing_branches": []}, "SystemSettings.__repr__": {"executed_lines": [], "summary": {"covered_lines": 0, "num_statements": 1, "percent_covered": 0.0, "percent_covered_display": "0.00", "missing_lines": 1, "excluded_lines": 0, "num_branches": 0, "num_partial_branches": 0, "covered_branches": 0, "missing_branches": 0}, "missing_lines": [389], "excluded_lines": [], "executed_branches": [], "missing_branches": []}, "": {"executed_lines": [1, 5, 6, 7, 9, 13, 14, 17, 18, 19, 22, 23, 24, 25, 26, 27, 30, 31, 32, 33, 34, 35, 38, 39, 40, 43, 46, 47, 48, 49, 50, 53, 57, 61, 62, 63, 64, 67, 68, 69, 72, 73, 80, 81, 84, 89, 94, 100, 103, 104, 113, 114, 121, 122, 123, 125, 126, 129, 130, 131, 134, 135, 136, 139, 142, 145, 150, 154, 155, 156, 158, 161, 162, 163, 166, 167, 168, 169, 172, 173, 174, 177, 178, 184, 188, 189, 190, 192, 195, 196, 197, 200, 201, 204, 205, 206, 209, 212, 215, 216, 223, 228, 232, 233, 234, 236, 237, 240, 241, 242, 243, 246, 247, 248, 251, 254, 255, 261, 265, 269, 270, 271, 273, 274, 279, 286, 287, 288, 291, 294, 295, 297, 301, 302, 303, 305, 306, 309, 310, 311, 314, 315, 318, 319, 322, 325, 327, 331, 332, 333, 335, 338, 339, 340, 341, 344, 348, 354, 355, 356, 359, 362, 363, 364, 366, 370, 371, 372, 374, 375, 376, 377, 378, 381, 382, 388], "summary": {"covered_lines": 163, "num_statements": 163, "percent_covered": 100.0, "percent_covered_display": "100.00", "missing_lines": 0, "excluded_lines": 0, "num_branches": 0, "num_partial_branches": 0, "covered_branches": 0, "missing_branches": 0}, "missing_lines": [], "excluded_lines": [], "executed_branches": [], "missing_branches": []}}, "classes": {"Base": {"executed_lines": [], "summary": {"covered_lines": 0, "num_statements": 0, "percent_covered": 100.0, "percent_covered_display": "100.00", "missing_lines": 0, "excluded_lines": 0, "num_branches": 0, "num_partial_branches": 0, "covered_branches": 0, "missing_branches": 0}, "missing_lines": [], "excluded_lines": [], "executed_branches": [], "missing_branches": []}, "Department": {"executed_lines": [], "summary": {"covered_lines": 0, "num_statements": 0, "percent_covered": 100.0, "percent_covered_display": "100.00", "missing_lines": 0, "excluded_lines": 0, "num_branches": 0, "num_partial_branches": 0, "covered_branches": 0, "missing_branches": 0}, "missing_lines": [], "excluded_lines": [], "executed_branches": [], "missing_branches": []}, "UserRole": {"executed_lines": [], "summary": {"covered_lines": 0, "num_statements": 0, "percent_covered": 100.0, "percent_covered_display": "100.00", "missing_lines": 0, "excluded_lines": 0, "num_branches": 0, "num_partial_branches": 0, "covered_branches": 0, "missing_branches": 0}, "missing_lines": [], "excluded_lines": [], "executed_branches": [], "missing_branches": []}, "User": {"executed_lines": [], "summary": {"covered_lines": 0, "num_statements": 10, "percent_covered": 0.0, "percent_covered_display": "0.00", "missing_lines": 10, "excluded_lines": 0, "num_branches": 6, "num_partial_branches": 0, "covered_branches": 0, "missing_branches": 6}, "missing_lines": [101, 106, 107, 108, 109, 110, 111, 116, 117, 118], "excluded_lines": [], "executed_branches": [], "missing_branches": [[107, 108], [107, 109], [109, 110], [109, 111], [116, 117], [116, 118]]}, "UserActivity": {"executed_lines": [], "summary": {"covered_lines": 0, "num_statements": 1, "percent_covered": 0.0, "percent_covered_display": "0.00", "missing_lines": 1, "excluded_lines": 0, "num_branches": 0, "num_partial_branches": 0, "covered_branches": 0, "missing_branches": 0}, "missing_lines": [151], "excluded_lines": [], "executed_branches": [], "missing_branches": []}, "Content": {"executed_lines": [], "summary": {"covered_lines": 0, "num_statements": 1, "percent_covered": 0.0, "percent_covered_display": "0.00", "missing_lines": 1, "excluded_lines": 0, "num_branches": 0, "num_partial_branches": 0, "covered_branches": 0, "missing_branches": 0}, "missing_lines": [185], "excluded_lines": [], "executed_branches": [], "missing_branches": []}, "TestQuestion": {"executed_lines": [], "summary": {"covered_lines": 0, "num_statements": 1, "percent_covered": 0.0, "percent_covered_display": "0.00", "missing_lines": 1, "excluded_lines": 0, "num_branches": 0, "num_partial_branches": 0, "covered_branches": 0, "missing_branches": 0}, "missing_lines": [229], "excluded_lines": [], "executed_branches": [], "missing_branches": []}, "TestResult": {"executed_lines": [], "summary": {"covered_lines": 0, "num_statements": 1, "percent_covered": 0.0, "percent_covered_display": "0.00", "missing_lines": 1, "excluded_lines": 0, "num_branches": 0, "num_partial_branches": 0, "covered_branches": 0, "missing_branches": 0}, "missing_lines": [266], "excluded_lines": [], "executed_branches": [], "missing_branches": []}, "TestAnswer": {"executed_lines": [], "summary": {"covered_lines": 0, "num_statements": 1, "percent_covered": 0.0, "percent_covered_display": "0.00", "missing_lines": 1, "excluded_lines": 0, "num_branches": 0, "num_partial_branches": 0, "covered_branches": 0, "missing_branches": 0}, "missing_lines": [298], "excluded_lines": [], "executed_branches": [], "missing_branches": []}, "AdminLog": {"executed_lines": [], "summary": {"covered_lines": 0, "num_statements": 1, "percent_covered": 0.0, "percent_covered_display": "0.00", "missing_lines": 1, "excluded_lines": 0, "num_branches": 0, "num_partial_branches": 0, "covered_branches": 0, "missing_branches": 0}, "missing_lines": [328], "excluded_lines": [], "executed_branches": [], "missing_branches": []}, "BroadcastMessage": {"executed_lines": [], "summary": {"covered_lines": 0, "num_statements": 1, "percent_covered": 0.0, "percent_covered_display": "0.00", "missing_lines": 1, "excluded_lines": 0, "num_branches": 0, "num_partial_branches": 0, "covered_branches": 0, "missing_branches": 0}, "missing_lines": [367], "excluded_lines": [], "executed_branches": [], "missing_branches": []}, "SystemSettings": {"executed_lines": [], "summary": {"covered_lines": 0, "num_statements": 1, "percent_covered": 0.0, "percent_covered_display": "0.00", "missing_lines": 1, "excluded_lines": 0, "num_branches": 0, "num_partial_branches": 0, "covered_branches": 0, "missing_branches": 0}, "missing_lines": [389], "excluded_lines": [], "executed_branches": [], "missing_branches": []}, "": {"executed_lines": [1, 5, 6, 7, 9, 13, 14, 17, 18, 19, 22, 23, 24, 25, 26, 27, 30, 31, 32, 33, 34, 35, 38, 39, 40, 43, 46, 47, 48, 49, 50, 53, 57, 61, 62, 63, 64, 67, 68, 69, 72, 73, 80, 81, 84, 89, 94, 100, 103, 104, 113, 114, 121, 122, 123, 125, 126, 129, 130, 131, 134, 135, 136, 139, 142, 145, 150, 154, 155, 156, 158, 161, 162, 163, 166, 167, 168, 169, 172, 173, 174, 177, 178, 184, 188, 189, 190, 192, 195, 196, 197, 200, 201, 204, 205, 206, 209, 212, 215, 216, 223, 228, 232, 233, 234, 236, 237, 240, 241, 242, 243, 246, 247, 248, 251, 254, 255, 261, 265, 269, 270, 271, 273, 274, 279, 286, 287, 288, 291, 294, 295, 297, 301, 302, 303, 305, 306, 309, 310, 311, 314, 315, 318, 319, 322, 325, 327, 331, 332, 333, 335, 338, 339, 340, 341, 344, 348, 354, 355, 356, 359, 362, 363, 364, 366, 370, 371, 372, 374, 375, 376, 377, 378, 381, 382, 388], "summary": {"covered_lines": 163, "num_statements": 163, "percent_covered": 100.0, "percent_covered_display": "100.00", "missing_lines": 0, "excluded_lines": 0, "num_branches": 0, "num_partial_branches": 0, "covered_branches": 0, "missing_branches": 0}, "missing_lines": [], "excluded_lines": [], "executed_branches": [], "missing_branches": []}}}, "debug_sql.py": {"executed_lines": [], "summary": {"covered_lines": 0, "num_statements": 35, "percent_covered": 0.0, "percent_covered_display": "0.00", "missing_lines": 35, "excluded_lines": 0, "num_branches": 2, "num_partial_branches": 0, "covered_branches": 0, "missing_branches": 2}, "missing_lines": [6, 7, 8, 9, 11, 12, 13, 15, 17, 19, 21, 22, 23, 25, 26, 27, 29, 30, 31, 32, 36, 38, 39, 40, 42, 44, 45, 46, 48, 50, 51, 52, 53, 55, 56], "excluded_lines": [], "executed_branches": [], "missing_branches": [[55, -1], [55, 56]], "functions": {"test_admin_logs_query": {"executed_lines": [], "summary": {"covered_lines": 0, "num_statements": 25, "percent_covered": 0.0, "percent_covered_display": "0.00", "missing_lines": 25, "excluded_lines": 0, "num_branches": 0, "num_partial_branches": 0, "covered_branches": 0, "missing_branches": 0}, "missing_lines": [17, 19, 21, 22, 23, 25, 26, 27, 29, 30, 31, 32, 36, 38, 39, 40, 42, 44, 45, 46, 48, 50, 51, 52, 53], "excluded_lines": [], "executed_branches": [], "missing_branches": []}, "": {"executed_lines": [], "summary": {"covered_lines": 0, "num_statements": 10, "percent_covered": 0.0, "percent_covered_display": "0.00", "missing_lines": 10, "excluded_lines": 0, "num_branches": 2, "num_partial_branches": 0, "covered_branches": 0, "missing_branches": 2}, "missing_lines": [6, 7, 8, 9, 11, 12, 13, 15, 55, 56], "excluded_lines": [], "executed_branches": [], "missing_branches": [[55, -1], [55, 56]]}}, "classes": {"": {"executed_lines": [], "summary": {"covered_lines": 0, "num_statements": 35, "percent_covered": 0.0, "percent_covered_display": "0.00", "missing_lines": 35, "excluded_lines": 0, "num_branches": 2, "num_partial_branches": 0, "covered_branches": 0, "missing_branches": 2}, "missing_lines": [6, 7, 8, 9, 11, 12, 13, 15, 17, 19, 21, 22, 23, 25, 26, 27, 29, 30, 31, 32, 36, 38, 39, 40, 42, 44, 45, 46, 48, 50, 51, 52, 53, 55, 56], "excluded_lines": [], "executed_branches": [], "missing_branches": [[55, -1], [55, 56]]}}}, "generate_admin_hash.py": {"executed_lines": [], "summary": {"covered_lines": 0, "num_statements": 82, "percent_covered": 0.0, "percent_covered_display": "0.00", "missing_lines": 82, "excluded_lines": 0, "num_branches": 10, "num_partial_branches": 0, "covered_branches": 0, "missing_branches": 10}, "missing_lines": [14, 16, 17, 18, 19, 20, 21, 24, 37, 38, 39, 42, 43, 44, 45, 46, 47, 48, 49, 50, 51, 52, 53, 54, 55, 56, 59, 60, 62, 63, 64, 66, 67, 68, 70, 71, 72, 73, 76, 78, 79, 80, 83, 85, 86, 87, 88, 89, 90, 91, 92, 93, 94, 95, 96, 97, 98, 99, 100, 101, 102, 103, 104, 105, 106, 107, 108, 109, 110, 111, 112, 113, 114, 115, 117, 118, 119, 120, 121, 122, 125, 126], "excluded_lines": [], "executed_branches": [], "missing_branches": [[62, 63], [62, 66], [66, 67], [66, 76], [71, 72], [71, 76], [78, 79], [78, 83], [125, -1], [125, 126]], "functions": {"generate_password_hash": {"executed_lines": [], "summary": {"covered_lines": 0, "num_statements": 3, "percent_covered": 0.0, "percent_covered_display": "0.00", "missing_lines": 3, "excluded_lines": 0, "num_branches": 0, "num_partial_branches": 0, "covered_branches": 0, "missing_branches": 0}, "missing_lines": [37, 38, 39], "excluded_lines": [], "executed_branches": [], "missing_branches": []}, "main": {"executed_lines": [], "summary": {"covered_lines": 0, "num_statements": 68, "percent_covered": 0.0, "percent_covered_display": "0.00", "missing_lines": 68, "excluded_lines": 0, "num_branches": 8, "num_partial_branches": 0, "covered_branches": 0, "missing_branches": 8}, "missing_lines": [43, 44, 45, 46, 47, 48, 49, 50, 51, 52, 53, 54, 55, 56, 59, 60, 62, 63, 64, 66, 67, 68, 70, 71, 72, 73, 76, 78, 79, 80, 83, 85, 86, 87, 88, 89, 90, 91, 92, 93, 94, 95, 96, 97, 98, 99, 100, 101, 102, 103, 104, 105, 106, 107, 108, 109, 110, 111, 112, 113, 114, 115, 117, 118, 119, 120, 121, 122], "excluded_lines": [], "executed_branches": [], "missing_branches": [[62, 63], [62, 66], [66, 67], [66, 76], [71, 72], [71, 76], [78, 79], [78, 83]]}, "": {"executed_lines": [], "summary": {"covered_lines": 0, "num_statements": 11, "percent_covered": 0.0, "percent_covered_display": "0.00", "missing_lines": 11, "excluded_lines": 0, "num_branches": 2, "num_partial_branches": 0, "covered_branches": 0, "missing_branches": 2}, "missing_lines": [14, 16, 17, 18, 19, 20, 21, 24, 42, 125, 126], "excluded_lines": [], "executed_branches": [], "missing_branches": [[125, -1], [125, 126]]}}, "classes": {"": {"executed_lines": [], "summary": {"covered_lines": 0, "num_statements": 82, "percent_covered": 0.0, "percent_covered_display": "0.00", "missing_lines": 82, "excluded_lines": 0, "num_branches": 10, "num_partial_branches": 0, "covered_branches": 0, "missing_branches": 10}, "missing_lines": [14, 16, 17, 18, 19, 20, 21, 24, 37, 38, 39, 42, 43, 44, 45, 46, 47, 48, 49, 50, 51, 52, 53, 54, 55, 56, 59, 60, 62, 63, 64, 66, 67, 68, 70, 71, 72, 73, 76, 78, 79, 80, 83, 85, 86, 87, 88, 89, 90, 91, 92, 93, 94, 95, 96, 97, 98, 99, 100, 101, 102, 103, 104, 105, 106, 107, 108, 109, 110, 111, 112, 113, 114, 115, 117, 118, 119, 120, 121, 122, 125, 126], "excluded_lines": [], "executed_branches": [], "missing_branches": [[62, 63], [62, 66], [66, 67], [66, 76], [71, 72], [71, 76], [78, 79], [78, 83], [125, -1], [125, 126]]}}}, "handlers/__init__.py": {"executed_lines": [], "summary": {"covered_lines": 0, "num_statements": 8, "percent_covered": 0.0, "percent_covered_display": "0.00", "missing_lines": 8, "excluded_lines": 0, "num_branches": 0, "num_partial_branches": 0, "covered_branches": 0, "missing_branches": 0}, "missing_lines": [12, 15, 16, 17, 18, 19, 22, 30], "excluded_lines": [], "executed_branches": [], "missing_branches": [], "functions": {"": {"executed_lines": [], "summary": {"covered_lines": 0, "num_statements": 8, "percent_covered": 0.0, "percent_covered_display": "0.00", "missing_lines": 8, "excluded_lines": 0, "num_branches": 0, "num_partial_branches": 0, "covered_branches": 0, "missing_branches": 0}, "missing_lines": [12, 15, 16, 17, 18, 19, 22, 30], "excluded_lines": [], "executed_branches": [], "missing_branches": []}}, "classes": {"": {"executed_lines": [], "summary": {"covered_lines": 0, "num_statements": 8, "percent_covered": 0.0, "percent_covered_display": "0.00", "missing_lines": 8, "excluded_lines": 0, "num_branches": 0, "num_partial_branches": 0, "covered_branches": 0, "missing_branches": 0}, "missing_lines": [12, 15, 16, 17, 18, 19, 22, 30], "excluded_lines": [], "executed_branches": [], "missing_branches": []}}}, "handlers/admin.py": {"executed_lines": [], "summary": {"covered_lines": 0, "num_statements": 897, "percent_covered": 0.0, "percent_covered_display": "0.00", "missing_lines": 897, "excluded_lines": 0, "num_branches": 156, "num_partial_branches": 0, "covered_branches": 0, "missing_branches": 156}, "missing_lines": [12, 13, 14, 15, 16, 17, 18, 19, 22, 24, 25, 26, 27, 29, 41, 42, 59, 60, 62, 64, 72, 75, 82, 83, 92, 98, 101, 115, 117, 118, 122, 123, 124, 127, 131, 138, 147, 148, 149, 150, 152, 153, 156, 165, 166, 167, 168, 170, 171, 174, 180, 181, 182, 183, 185, 190, 191, 193, 196, 197, 198, 200, 205, 207, 209, 219, 220, 224, 225, 226, 227, 230, 231, 244, 245, 246, 249, 255, 258, 259, 262, 268, 270, 272, 274, 279, 280, 281, 282, 285, 286, 288, 289, 292, 293, 294, 295, 298, 299, 300, 302, 306, 310, 313, 315, 316, 318, 321, 323, 325, 327, 332, 333, 339, 340, 342, 345, 347, 352, 353, 359, 361, 362, 369, 377, 379, 382, 383, 384, 385, 387, 388, 395, 397, 409, 414, 416, 418, 423, 426, 427, 439, 443, 444, 447, 448, 450, 452, 454, 455, 456, 457, 458, 460, 470, 471, 475, 476, 477, 478, 481, 482, 495, 497, 499, 502, 503, 504, 505, 506, 508, 518, 522, 523, 525, 526, 527, 530, 531, 533, 534, 536, 538, 544, 545, 546, 547, 548, 549, 554, 555, 557, 559, 561, 562, 566, 567, 568, 569, 572, 573, 581, 583, 586, 587, 588, 589, 591, 595, 606, 611, 628, 632, 634, 636, 640, 643, 644, 652, 662, 663, 665, 667, 668, 671, 672, 674, 675, 679, 680, 686, 688, 690, 692, 695, 698, 701, 702, 705, 711, 715, 717, 718, 722, 725, 726, 735, 736, 738, 740, 742, 759, 761, 762, 763, 768, 770, 774, 776, 777, 778, 781, 782, 794, 795, 798, 800, 801, 807, 811, 814, 822, 823, 824, 825, 826, 830, 833, 834, 835, 836, 837, 838, 839, 840, 844, 848, 849, 850, 851, 852, 853, 858, 860, 864, 866, 867, 868, 871, 872, 883, 884, 887, 890, 892, 893, 898, 902, 903, 907, 908, 911, 913, 923, 926, 927, 940, 942, 945, 948, 956, 962, 963, 966, 972, 977, 978, 979, 980, 981, 989, 990, 995, 996, 998, 1000, 1002, 1003, 1007, 1008, 1009, 1010, 1013, 1014, 1020, 1021, 1023, 1024, 1025, 1026, 1027, 1031, 1035, 1037, 1038, 1039, 1042, 1043, 1044, 1046, 1047, 1048, 1050, 1052, 1053, 1056, 1057, 1058, 1059, 1061, 1063, 1069, 1073, 1075, 1076, 1080, 1083, 1084, 1093, 1095, 1096, 1099, 1100, 1101, 1102, 1103, 1107, 1111, 1113, 1114, 1115, 1118, 1119, 1122, 1123, 1124, 1128, 1131, 1132, 1133, 1135, 1138, 1140, 1141, 1144, 1145, 1146, 1147, 1149, 1151, 1158, 1162, 1163, 1165, 1166, 1167, 1168, 1169, 1173, 1180, 1181, 1187, 1188, 1191, 1193, 1202, 1206, 1207, 1209, 1210, 1214, 1217, 1218, 1225, 1226, 1228, 1230, 1231, 1232, 1233, 1237, 1241, 1243, 1244, 1245, 1249, 1252, 1254, 1255, 1256, 1258, 1264, 1268, 1269, 1271, 1272, 1276, 1279, 1280, 1287, 1288, 1290, 1292, 1293, 1297, 1298, 1300, 1302, 1303, 1305, 1308, 1313, 1315, 1316, 1317, 1322, 1324, 1325, 1329, 1333, 1335, 1336, 1337, 1341, 1344, 1346, 1347, 1349, 1351, 1357, 1358, 1360, 1364, 1365, 1367, 1368, 1372, 1375, 1376, 1383, 1384, 1386, 1388, 1389, 1393, 1394, 1396, 1398, 1399, 1401, 1404, 1409, 1411, 1412, 1413, 1418, 1420, 1421, 1425, 1429, 1431, 1432, 1433, 1437, 1440, 1442, 1443, 1445, 1447, 1453, 1454, 1456, 1460, 1461, 1463, 1464, 1468, 1471, 1472, 1479, 1481, 1482, 1485, 1487, 1490, 1491, 1492, 1493, 1494, 1495, 1496, 1499, 1500, 1501, 1504, 1506, 1508, 1509, 1510, 1511, 1514, 1515, 1516, 1517, 1519, 1520, 1521, 1525, 1528, 1529, 1530, 1535, 1538, 1539, 1542, 1552, 1553, 1555, 1559, 1561, 1562, 1566, 1571, 1574, 1575, 1577, 1579, 1581, 1582, 1583, 1585, 1588, 1589, 1591, 1593, 1595, 1596, 1597, 1599, 1604, 1605, 1611, 1612, 1614, 1616, 1621, 1625, 1627, 1628, 1629, 1632, 1633, 1644, 1646, 1648, 1656, 1659, 1660, 1666, 1667, 1671, 1672, 1673, 1674, 1675, 1676, 1679, 1685, 1686, 1687, 1689, 1690, 1692, 1694, 1695, 1697, 1700, 1702, 1703, 1705, 1706, 1714, 1721, 1723, 1731, 1736, 1738, 1742, 1743, 1745, 1746, 1747, 1753, 1754, 1760, 1762, 1763, 1764, 1765, 1767, 1768, 1770, 1773, 1774, 1776, 1777, 1778, 1780, 1783, 1784, 1785, 1786, 1787, 1788, 1790, 1791, 1794, 1795, 1797, 1799, 1801, 1814, 1815, 1823, 1827, 1829, 1833, 1834, 1836, 1837, 1838, 1841, 1842, 1848, 1849, 1852, 1853, 1854, 1855, 1856, 1858, 1859, 1860, 1861, 1863, 1866, 1867, 1868, 1869, 1871, 1872, 1875, 1876, 1879, 1882, 1883, 1884, 1885, 1888, 1889, 1891, 1894, 1895, 1897, 1899, 1910, 1911, 1926, 1932, 1933, 1935, 1936, 1937, 1946, 1947, 1949, 1951, 1956, 1957, 1961, 1962, 1963, 1964, 1967, 1968, 1977, 1978, 1980, 1981, 1982, 1984, 1986, 1989, 1990, 1991, 1992, 1993, 1994, 1996, 1997, 2000, 2001, 2003, 2005, 2006, 2007, 2009, 2010, 2014, 2015, 2016, 2017, 2019, 2024, 2030, 2034, 2036, 2037, 2038, 2041, 2042, 2053, 2056, 2057, 2058, 2060, 2062, 2063, 2064, 2067, 2068, 2069, 2070, 2071, 2072, 2073, 2074, 2075, 2076, 2077, 2078, 2079, 2080, 2081, 2082, 2083, 2085, 2086, 2087, 2089, 2090, 2091, 2092, 2094, 2095, 2097, 2107, 2108, 2112, 2113, 2114, 2115, 2118, 2119, 2122, 2123, 2125, 2126, 2128, 2129, 2131, 2141, 2153, 2154, 2161, 2162, 2165, 2166, 2167, 2168, 2169, 2173, 2177, 2180, 2181, 2183, 2185, 2186, 2188, 2194, 2195, 2197, 2200, 2201, 2203, 2209, 2216, 2218, 2229, 2233, 2235, 2236, 2240, 2243, 2244, 2250, 2251, 2253, 2256, 2257, 2258, 2259, 2260, 2264, 2268, 2270, 2271, 2275, 2280, 2281, 2284, 2295, 2296, 2297, 2299, 2311, 2314, 2315, 2316, 2319, 2322, 2333, 2335, 2336, 2338, 2339, 2343], "excluded_lines": [], "executed_branches": [], "missing_branches": [[115, 117], [115, 127], [148, 149], [148, 152], [166, 167], [166, 170], [181, 182], [181, 185], [197, 198], [197, 207], [299, 300], [299, 310], [310, 313], [310, 345], [352, 353], [352, 361], [443, 444], [443, 450], [671, 672], [671, 686], [688, 690], [688, 705], [690, 692], [690, 701], [800, 801], [800, 811], [824, 825], [824, 830], [825, 824], [825, 826], [834, 835], [834, 848], [836, 837], [836, 844], [849, 850], [849, 858], [851, 852], [851, 858], [892, 893], [892, 907], [926, 927], [926, 940], [1037, 1038], [1037, 1042], [1052, 1053], [1052, 1069], [1058, 1059], [1058, 1061], [1113, 1114], [1113, 1118], [1122, 1123], [1122, 1131], [1140, 1141], [1140, 1158], [1146, 1147], [1146, 1149], [1243, 1244], [1243, 1252], [1254, 1255], [1254, 1264], [1303, 1305], [1303, 1322], [1313, 1303], [1313, 1315], [1315, 1303], [1315, 1316], [1335, 1336], [1335, 1344], [1346, 1347], [1346, 1357], [1357, 1358], [1357, 1360], [1399, 1401], [1399, 1418], [1409, 1399], [1409, 1411], [1411, 1399], [1411, 1412], [1431, 1432], [1431, 1440], [1442, 1443], [1442, 1453], [1453, 1454], [1453, 1456], [1490, 1491], [1490, 1499], [1499, 1500], [1499, 1528], [1506, 1508], [1506, 1528], [1508, 1509], [1508, 1514], [1514, 1506], [1514, 1515], [1528, 1529], [1528, 1538], [1552, 1553], [1552, 1555], [1581, 1582], [1581, 1585], [1595, 1596], [1595, 1599], [1659, 1660], [1659, 1679], [1685, 1686], [1685, 1689], [1703, 1705], [1703, 1714], [1763, 1764], [1763, 1767], [1776, 1777], [1776, 1780], [1783, 1784], [1783, 1786], [1786, 1787], [1786, 1790], [1794, 1795], [1794, 1797], [1858, 1859], [1858, 1863], [1883, 1884], [1883, 1888], [1894, 1895], [1894, 1897], [1989, 1990], [1989, 1992], [1992, 1993], [1992, 1996], [2005, 2006], [2005, 2019], [2006, 2007], [2006, 2009], [2056, 2057], [2056, 2060], [2062, 2063], [2062, 2067], [2068, 2069], [2068, 2072], [2072, 2073], [2072, 2076], [2076, 2077], [2076, 2080], [2080, 2081], [2080, 2085], [2180, 2181], [2180, 2209], [2183, 2185], [2183, 2200], [2194, 2195], [2194, 2197], [2200, 2201], [2200, 2203], [2270, 2271], [2270, 2280], [2295, 2296], [2295, 2311]], "functions": {"hash_password": {"executed_lines": [], "summary": {"covered_lines": 0, "num_statements": 1, "percent_covered": 0.0, "percent_covered_display": "0.00", "missing_lines": 1, "excluded_lines": 0, "num_branches": 0, "num_partial_branches": 0, "covered_branches": 0, "missing_branches": 0}, "missing_lines": [98], "excluded_lines": [], "executed_branches": [], "missing_branches": []}, "check_password": {"executed_lines": [], "summary": {"covered_lines": 0, "num_statements": 8, "percent_covered": 0.0, "percent_covered_display": "0.00", "missing_lines": 8, "excluded_lines": 0, "num_branches": 2, "num_partial_branches": 0, "covered_branches": 0, "missing_branches": 2}, "missing_lines": [115, 117, 118, 122, 123, 124, 127, 131], "excluded_lines": [], "executed_branches": [], "missing_branches": [[115, 117], [115, 127]]}, "is_user_blocked_from_attempts": {"executed_lines": [], "summary": {"covered_lines": 0, "num_statements": 6, "percent_covered": 0.0, "percent_covered_display": "0.00", "missing_lines": 6, "excluded_lines": 0, "num_branches": 2, "num_partial_branches": 0, "covered_branches": 0, "missing_branches": 2}, "missing_lines": [147, 148, 149, 150, 152, 153], "excluded_lines": [], "executed_branches": [], "missing_branches": [[148, 149], [148, 152]]}, "increment_password_attempts": {"executed_lines": [], "summary": {"covered_lines": 0, "num_statements": 6, "percent_covered": 0.0, "percent_covered_display": "0.00", "missing_lines": 6, "excluded_lines": 0, "num_branches": 2, "num_partial_branches": 0, "covered_branches": 0, "missing_branches": 2}, "missing_lines": [165, 166, 167, 168, 170, 171], "excluded_lines": [], "executed_branches": [], "missing_branches": [[166, 167], [166, 170]]}, "reset_password_attempts": {"executed_lines": [], "summary": {"covered_lines": 0, "num_statements": 5, "percent_covered": 0.0, "percent_covered_display": "0.00", "missing_lines": 5, "excluded_lines": 0, "num_branches": 2, "num_partial_branches": 0, "covered_branches": 0, "missing_branches": 2}, "missing_lines": [180, 181, 182, 183, 185], "excluded_lines": [], "executed_branches": [], "missing_branches": [[181, 182], [181, 185]]}, "request_admin_password": {"executed_lines": [], "summary": {"covered_lines": 0, "num_statements": 14, "percent_covered": 0.0, "percent_covered_display": "0.00", "missing_lines": 14, "excluded_lines": 0, "num_branches": 2, "num_partial_branches": 0, "covered_branches": 0, "missing_branches": 2}, "missing_lines": [193, 196, 197, 198, 200, 205, 207, 209, 219, 220, 224, 225, 226, 227], "excluded_lines": [], "executed_branches": [], "missing_branches": [[197, 198], [197, 207]]}, "cancel_admin_action": {"executed_lines": [], "summary": {"covered_lines": 0, "num_statements": 16, "percent_covered": 0.0, "percent_covered_display": "0.00", "missing_lines": 16, "excluded_lines": 0, "num_branches": 0, "num_partial_branches": 0, "covered_branches": 0, "missing_branches": 0}, "missing_lines": [244, 245, 246, 249, 255, 258, 259, 262, 268, 270, 272, 274, 279, 280, 281, 282], "excluded_lines": [], "executed_branches": [], "missing_branches": []}, "process_admin_password": {"executed_lines": [], "summary": {"covered_lines": 0, "num_statements": 32, "percent_covered": 0.0, "percent_covered_display": "0.00", "missing_lines": 32, "excluded_lines": 0, "num_branches": 6, "num_partial_branches": 0, "covered_branches": 0, "missing_branches": 6}, "missing_lines": [288, 289, 292, 293, 294, 295, 298, 299, 300, 302, 306, 310, 313, 315, 316, 318, 321, 323, 325, 327, 332, 333, 339, 340, 342, 345, 347, 352, 353, 359, 361, 362], "excluded_lines": [], "executed_branches": [], "missing_branches": [[299, 300], [299, 310], [310, 313], [310, 345], [352, 353], [352, 361]]}, "show_admin_panel": {"executed_lines": [], "summary": {"covered_lines": 0, "num_statements": 15, "percent_covered": 0.0, "percent_covered_display": "0.00", "missing_lines": 15, "excluded_lines": 0, "num_branches": 0, "num_partial_branches": 0, "covered_branches": 0, "missing_branches": 0}, "missing_lines": [377, 379, 382, 383, 384, 385, 387, 388, 395, 397, 409, 414, 416, 418, 423], "excluded_lines": [], "executed_branches": [], "missing_branches": []}, "return_to_admin_panel": {"executed_lines": [], "summary": {"covered_lines": 0, "num_statements": 19, "percent_covered": 0.0, "percent_covered_display": "0.00", "missing_lines": 19, "excluded_lines
[...]
s": [], "missing_branches": [[65, 66], [65, 68]]}, "": {"executed_lines": [], "summary": {"covered_lines": 0, "num_statements": 14, "percent_covered": 0.0, "percent_covered_display": "0.00", "missing_lines": 14, "excluded_lines": 0, "num_branches": 0, "num_partial_branches": 0, "covered_branches": 0, "missing_branches": 0}, "missing_lines": [17, 18, 19, 20, 21, 22, 24, 27, 30, 34, 43, 49, 55, 63], "excluded_lines": [], "executed_branches": [], "missing_branches": []}}, "classes": {"SecretsManager": {"executed_lines": [], "summary": {"covered_lines": 0, "num_statements": 19, "percent_covered": 0.0, "percent_covered_display": "0.00", "missing_lines": 19, "excluded_lines": 0, "num_branches": 8, "num_partial_branches": 0, "covered_branches": 0, "missing_branches": 8}, "missing_lines": [31, 32, 36, 37, 38, 39, 41, 46, 47, 52, 53, 57, 58, 60, 61, 65, 66, 68, 69], "excluded_lines": [], "executed_branches": [], "missing_branches": [[36, 37], [36, 38], [38, 39], [38, 41], [57, 58], [57, 60], [65, 66], [65, 68]]}, "": {"executed_lines": [], "summary": {"covered_lines": 0, "num_statements": 14, "percent_covered": 0.0, "percent_covered_display": "0.00", "missing_lines": 14, "excluded_lines": 0, "num_branches": 0, "num_partial_branches": 0, "covered_branches": 0, "missing_branches": 0}, "missing_lines": [17, 18, 19, 20, 21, 22, 24, 27, 30, 34, 43, 49, 55, 63], "excluded_lines": [], "executed_branches": [], "missing_branches": []}}}, "utils/sentry_config.py": {"executed_lines": [], "summary": {"covered_lines": 0, "num_statements": 62, "percent_covered": 0.0, "percent_covered_display": "0.00", "missing_lines": 62, "excluded_lines": 0, "num_branches": 18, "num_partial_branches": 0, "covered_branches": 0, "missing_branches": 18}, "missing_lines": [11, 12, 13, 14, 15, 16, 18, 21, 42, 45, 46, 50, 53, 54, 57, 63, 64, 89, 94, 95, 98, 105, 106, 107, 111, 112, 113, 116, 129, 130, 133, 138, 139, 142, 143, 145, 148, 161, 163, 164, 166, 169, 179, 180, 184, 187, 196, 197, 198, 199, 202, 218, 219, 220, 221, 222, 223, 224, 226, 229, 241, 248], "excluded_lines": [], "executed_branches": [], "missing_branches": [[45, 46], [45, 53], [129, 130], [129, 142], [138, 139], [138, 142], [161, 163], [161, 166], [163, 164], [163, 166], [198, -187], [198, 199], [219, 220], [219, 221], [221, 222], [221, 223], [223, 224], [223, 226]], "functions": {"init_sentry": {"executed_lines": [], "summary": {"covered_lines": 0, "num_statements": 12, "percent_covered": 0.0, "percent_covered_display": "0.00", "missing_lines": 12, "excluded_lines": 0, "num_branches": 2, "num_partial_branches": 0, "covered_branches": 0, "missing_branches": 2}, "missing_lines": [42, 45, 46, 50, 53, 54, 57, 63, 64, 89, 94, 95], "excluded_lines": [], "executed_branches": [], "missing_branches": [[45, 46], [45, 53]]}, "_get_git_revision": {"executed_lines": [], "summary": {"covered_lines": 0, "num_statements": 6, "percent_covered": 0.0, "percent_covered_display": "0.00", "missing_lines": 6, "excluded_lines": 0, "num_branches": 0, "num_partial_branches": 0, "covered_branches": 0, "missing_branches": 0}, "missing_lines": [105, 106, 107, 111, 112, 113], "excluded_lines": [], "executed_branches": [], "missing_branches": []}, "before_send_filter": {"executed_lines": [], "summary": {"covered_lines": 0, "num_statements": 8, "percent_covered": 0.0, "percent_covered_display": "0.00", "missing_lines": 8, "excluded_lines": 0, "num_branches": 4, "num_partial_branches": 0, "covered_branches": 0, "missing_branches": 4}, "missing_lines": [129, 130, 133, 138, 139, 142, 143, 145], "excluded_lines": [], "executed_branches": [], "missing_branches": [[129, 130], [129, 142], [138, 139], [138, 142]]}, "before_breadcrumb_filter": {"executed_lines": [], "summary": {"covered_lines": 0, "num_statements": 4, "percent_covered": 0.0, "percent_covered_display": "0.00", "missing_lines": 4, "excluded_lines": 0, "num_branches": 4, "num_partial_branches": 0, "covered_branches": 0, "missing_branches": 4}, "missing_lines": [161, 163, 164, 166], "excluded_lines": [], "executed_branches": [], "missing_branches": [[161, 163], [161, 166], [163, 164], [163, 166]]}, "capture_telegram_context": {"executed_lines": [], "summary": {"covered_lines": 0, "num_statements": 3, "percent_covered": 0.0, "percent_covered_display": "0.00", "missing_lines": 3, "excluded_lines": 0, "num_branches": 0, "num_partial_branches": 0, "covered_branches": 0, "missing_branches": 0}, "missing_lines": [179, 180, 184], "excluded_lines": [], "executed_branches": [], "missing_branches": []}, "capture_handler_context": {"executed_lines": [], "summary": {"covered_lines": 0, "num_statements": 4, "percent_covered": 0.0, "percent_covered_display": "0.00", "missing_lines": 4, "excluded_lines": 0, "num_branches": 2, "num_partial_branches": 0, "covered_branches": 0, "missing_branches": 2}, "missing_lines": [196, 197, 198, 199], "excluded_lines": [], "executed_branches": [], "missing_branches": [[198, -187], [198, 199]]}, "capture_exception_with_context": {"executed_lines": [], "summary": {"covered_lines": 0, "num_statements": 8, "percent_covered": 0.0, "percent_covered_display": "0.00", "missing_lines": 8, "excluded_lines": 0, "num_branches": 6, "num_partial_branches": 0, "covered_branches": 0, "missing_branches": 6}, "missing_lines": [218, 219, 220, 221, 222, 223, 224, 226], "excluded_lines": [], "executed_branches": [], "missing_branches": [[219, 220], [219, 221], [221, 222], [221, 223], [223, 224], [223, 226]]}, "monitor_performance": {"executed_lines": [], "summary": {"covered_lines": 0, "num_statements": 1, "percent_covered": 0.0, "percent_covered_display": "0.00", "missing_lines": 1, "excluded_lines": 0, "num_branches": 0, "num_partial_branches": 0, "covered_branches": 0, "missing_branches": 0}, "missing_lines": [241], "excluded_lines": [], "executed_branches": [], "missing_branches": []}, "": {"executed_lines": [], "summary": {"covered_lines": 0, "num_statements": 16, "percent_covered": 0.0, "percent_covered_display": "0.00", "missing_lines": 16, "excluded_lines": 0, "num_branches": 0, "num_partial_branches": 0, "covered_branches": 0, "missing_branches": 0}, "missing_lines": [11, 12, 13, 14, 15, 16, 18, 21, 98, 116, 148, 169, 187, 202, 229, 248], "excluded_lines": [], "executed_branches": [], "missing_branches": []}}, "classes": {"": {"executed_lines": [], "summary": {"covered_lines": 0, "num_statements": 62, "percent_covered": 0.0, "percent_covered_display": "0.00", "missing_lines": 62, "excluded_lines": 0, "num_branches": 18, "num_partial_branches": 0, "covered_branches": 0, "missing_branches": 18}, "missing_lines": [11, 12, 13, 14, 15, 16, 18, 21, 42, 45, 46, 50, 53, 54, 57, 63, 64, 89, 94, 95, 98, 105, 106, 107, 111, 112, 113, 116, 129, 130, 133, 138, 139, 142, 143, 145, 148, 161, 163, 164, 166, 169, 179, 180, 184, 187, 196, 197, 198, 199, 202, 218, 219, 220, 221, 222, 223, 224, 226, 229, 241, 248], "excluded_lines": [], "executed_branches": [], "missing_branches": [[45, 46], [45, 53], [129, 130], [129, 142], [138, 139], [138, 142], [161, 163], [161, 166], [163, 164], [163, 166], [198, -187], [198, 199], [219, 220], [219, 221], [221, 222], [221, 223], [223, 224], [223, 226]]}}}, "utils/task_manager.py": {"executed_lines": [], "summary": {"covered_lines": 0, "num_statements": 111, "percent_covered": 0.0, "percent_covered_display": "0.00", "missing_lines": 111, "excluded_lines": 0, "num_branches": 30, "num_partial_branches": 0, "covered_branches": 0, "missing_branches": 30}, "missing_lines": [20, 21, 22, 23, 24, 26, 29, 57, 71, 72, 73, 76, 79, 80, 81, 82, 83, 86, 88, 95, 116, 118, 121, 122, 126, 131, 132, 133, 136, 137, 138, 141, 143, 148, 150, 156, 158, 159, 160, 161, 162, 165, 166, 169, 175, 177, 178, 180, 187, 190, 195, 197, 198, 203, 204, 206, 212, 213, 214, 215, 217, 218, 219, 221, 236, 241, 242, 245, 247, 249, 250, 254, 255, 261, 262, 263, 264, 265, 268, 269, 272, 273, 275, 281, 287, 289, 291, 298, 310, 317, 320, 321, 322, 323, 324, 325, 326, 328, 329, 331, 337, 338, 347, 350, 359, 360, 362, 365, 379, 380, 383], "excluded_lines": [], "executed_branches": [], "missing_branches": [[116, 118], [116, 131], [121, 122], [121, 131], [132, 133], [132, 136], [158, 159], [158, 160], [160, 161], [160, 175], [165, 166], [165, 169], [197, 198], [197, 203], [241, 242], [241, 245], [247, 249], [247, 261], [262, 263], [262, 268], [263, 262], [263, 264], [268, 269], [268, 272], [321, 322], [321, 324], [324, 325], [324, 328], [359, 360], [359, 362]], "functions": {"TaskManager.__init__": {"executed_lines": [], "summary": {"covered_lines": 0, "num_statements": 11, "percent_covered": 0.0, "percent_covered_display": "0.00", "missing_lines": 11, "excluded_lines": 0, "num_branches": 0, "num_partial_branches": 0, "covered_branches": 0, "missing_branches": 0}, "missing_lines": [71, 72, 73, 76, 79, 80, 81, 82, 83, 86, 88], "excluded_lines": [], "executed_branches": [], "missing_branches": []}, "TaskManager.create_task": {"executed_lines": [], "summary": {"covered_lines": 0, "num_statements": 14, "percent_covered": 0.0, "percent_covered_display": "0.00", "missing_lines": 14, "excluded_lines": 0, "num_branches": 6, "num_partial_branches": 0, "covered_branches": 0, "missing_branches": 6}, "missing_lines": [116, 118, 121, 122, 126, 131, 132, 133, 136, 137, 138, 141, 143, 148], "excluded_lines": [], "executed_branches": [], "missing_branches": [[116, 118], [116, 131], [121, 122], [121, 131], [132, 133], [132, 136]]}, "TaskManager._task_done_callback": {"executed_lines": [], "summary": {"covered_lines": 0, "num_statements": 12, "percent_covered": 0.0, "percent_covered_display": "0.00", "missing_lines": 12, "excluded_lines": 0, "num_branches": 6, "num_partial_branches": 0, "covered_branches": 0, "missing_branches": 6}, "missing_lines": [156, 158, 159, 160, 161, 162, 165, 166, 169, 175, 177, 178], "excluded_lines": [], "executed_branches": [], "missing_branches": [[158, 159], [158, 160], [160, 161], [160, 175], [165, 166], [165, 169]]}, "TaskManager.cleanup_completed_tasks": {"executed_lines": [], "summary": {"covered_lines": 0, "num_statements": 7, "percent_covered": 0.0, "percent_covered_display": "0.00", "missing_lines": 7, "excluded_lines": 0, "num_branches": 2, "num_partial_branches": 0, "covered_branches": 0, "missing_branches": 2}, "missing_lines": [187, 190, 195, 197, 198, 203, 204], "excluded_lines": [], "executed_branches": [], "missing_branches": [[197, 198], [197, 203]]}, "TaskManager.periodic_cleanup": {"executed_lines": [], "summary": {"covered_lines": 0, "num_statements": 7, "percent_covered": 0.0, "percent_covered_display": "0.00", "missing_lines": 7, "excluded_lines": 0, "num_branches": 0, "num_partial_branches": 0, "covered_branches": 0, "missing_branches": 0}, "missing_lines": [212, 213, 214, 215, 217, 218, 219], "excluded_lines": [], "executed_branches": [], "missing_branches": []}, "TaskManager.cancel_all_tasks": {"executed_lines": [], "summary": {"covered_lines": 0, "num_statements": 22, "percent_covered": 0.0, "percent_covered_display": "0.00", "missing_lines": 22, "excluded_lines": 0, "num_branches": 10, "num_partial_branches": 0, "covered_branches": 0, "missing_branches": 10}, "missing_lines": [236, 241, 242, 245, 247, 249, 250, 254, 255, 261, 262, 263, 264, 265, 268, 269, 272, 273, 275, 281, 287, 289], "excluded_lines": [], "executed_branches": [], "missing_branches": [[241, 242], [241, 245], [247, 249], [247, 261], [262, 263], [262, 268], [263, 262], [263, 264], [268, 269], [268, 272]]}, "TaskManager.get_stats": {"executed_lines": [], "summary": {"covered_lines": 0, "num_statements": 1, "percent_covered": 0.0, "percent_covered_display": "0.00", "missing_lines": 1, "excluded_lines": 0, "num_branches": 0, "num_partial_branches": 0, "covered_branches": 0, "missing_branches": 0}, "missing_lines": [298], "excluded_lines": [], "executed_branches": [], "missing_branches": []}, "TaskManager.health_check": {"executed_lines": [], "summary": {"covered_lines": 0, "num_statements": 11, "percent_covered": 0.0, "percent_covered_display": "0.00", "missing_lines": 11, "excluded_lines": 0, "num_branches": 4, "num_partial_branches": 0, "covered_branches": 0, "missing_branches": 4}, "missing_lines": [317, 320, 321, 322, 323, 324, 325, 326, 328, 329, 331], "excluded_lines": [], "executed_branches": [], "missing_branches": [[321, 322], [321, 324], [324, 325], [324, 328]]}, "TaskManager.__repr__": {"executed_lines": [], "summary": {"covered_lines": 0, "num_statements": 1, "percent_covered": 0.0, "percent_covered_display": "0.00", "missing_lines": 1, "excluded_lines": 0, "num_branches": 0, "num_partial_branches": 0, "covered_branches": 0, "missing_branches": 0}, "missing_lines": [338], "excluded_lines": [], "executed_branches": [], "missing_branches": []}, "get_task_manager": {"executed_lines": [], "summary": {"covered_lines": 0, "num_statements": 3, "percent_covered": 0.0, "percent_covered_display": "0.00", "missing_lines": 3, "excluded_lines": 0, "num_branches": 2, "num_partial_branches": 0, "covered_branches": 0, "missing_branches": 2}, "missing_lines": [359, 360, 362], "excluded_lines": [], "executed_branches": [], "missing_branches": [[359, 360], [359, 362]]}, "create_tracked_task": {"executed_lines": [], "summary": {"covered_lines": 0, "num_statements": 2, "percent_covered": 0.0, "percent_covered_display": "0.00", "missing_lines": 2, "excluded_lines": 0, "num_branches": 0, "num_partial_branches": 0, "covered_branches": 0, "missing_branches": 0}, "missing_lines": [379, 380], "excluded_lines": [], "executed_branches": [], "missing_branches": []}, "": {"executed_lines": [], "summary": {"covered_lines": 0, "num_statements": 20, "percent_covered": 0.0, "percent_covered_display": "0.00", "missing_lines": 20, "excluded_lines": 0, "num_branches": 0, "num_partial_branches": 0, "covered_branches": 0, "missing_branches": 0}, "missing_lines": [20, 21, 22, 23, 24, 26, 29, 57, 95, 150, 180, 206, 221, 291, 310, 337, 347, 350, 365, 383], "excluded_lines": [], "executed_branches": [], "missing_branches": []}}, "classes": {"TaskManager": {"executed_lines": [], "summary": {"covered_lines": 0, "num_statements": 86, "percent_covered": 0.0, "percent_covered_display": "0.00", "missing_lines": 86, "excluded_lines": 0, "num_branches": 28, "num_partial_branches": 0, "covered_branches": 0, "missing_branches": 28}, "missing_lines": [71, 72, 73, 76, 79, 80, 81, 82, 83, 86, 88, 116, 118, 121, 122, 126, 131, 132, 133, 136, 137, 138, 141, 143, 148, 156, 158, 159, 160, 161, 162, 165, 166, 169, 175, 177, 178, 187, 190, 195, 197, 198, 203, 204, 212, 213, 214, 215, 217, 218, 219, 236, 241, 242, 245, 247, 249, 250, 254, 255, 261, 262, 263, 264, 265, 268, 269, 272, 273, 275, 281, 287, 289, 298, 317, 320, 321, 322, 323, 324, 325, 326, 328, 329, 331, 338], "excluded_lines": [], "executed_branches": [], "missing_branches": [[116, 118], [116, 131], [121, 122], [121, 131], [132, 133], [132, 136], [158, 159], [158, 160], [160, 161], [160, 175], [165, 166], [165, 169], [197, 198], [197, 203], [241, 242], [241, 245], [247, 249], [247, 261], [262, 263], [262, 268], [263, 262], [263, 264], [268, 269], [268, 272], [321, 322], [321, 324], [324, 325], [324, 328]]}, "": {"executed_lines": [], "summary": {"covered_lines": 0, "num_statements": 25, "percent_covered": 0.0, "percent_covered_display": "0.00", "missing_lines": 25, "excluded_lines": 0, "num_branches": 2, "num_partial_branches": 0, "covered_branches": 0, "missing_branches": 2}, "missing_lines": [20, 21, 22, 23, 24, 26, 29, 57, 95, 150, 180, 206, 221, 291, 310, 337, 347, 350, 359, 360, 362, 365, 379, 380, 383], "excluded_lines": [], "executed_branches": [], "missing_branches": [[359, 360], [359, 362]]}}}, "utils/timezone.py": {"executed_lines": [1, 14, 15, 16, 20, 21, 23, 25, 26, 27, 28, 29, 41, 66, 75, 113, 137, 161], "summary": {"covered_lines": 17, "num_statements": 62, "percent_covered": 23.75, "percent_covered_display": "23.75", "missing_lines": 45, "excluded_lines": 0, "num_branches": 18, "num_partial_branches": 2, "covered_branches": 2, "missing_branches": 16}, "missing_lines": [30, 32, 33, 34, 35, 37, 38, 42, 43, 44, 45, 46, 47, 48, 58, 59, 60, 61, 62, 63, 67, 71, 72, 93, 94, 97, 98, 99, 100, 102, 103, 106, 107, 110, 130, 131, 133, 134, 154, 155, 157, 158, 170, 171, 174], "excluded_lines": [], "executed_branches": [[41, 66], [66, 75]], "missing_branches": [[41, 42], [66, 67], [93, 94], [93, 97], [97, 98], [97, 106], [98, 99], [98, 102], [106, 107], [106, 110], [130, 131], [130, 133], [154, 155], [154, 157], [170, 171], [170, 174]], "functions": {"utc_to_msk": {"executed_lines": [], "summary": {"covered_lines": 0, "num_statements": 11, "percent_covered": 0.0, "percent_covered_display": "0.00", "missing_lines": 11, "excluded_lines": 0, "num_branches": 8, "num_partial_branches": 0, "covered_branches": 0, "missing_branches": 8}, "missing_lines": [93, 94, 97, 98, 99, 100, 102, 103, 106, 107, 110], "excluded_lines": [], "executed_branches": [], "missing_branches": [[93, 94], [93, 97], [97, 98], [97, 106], [98, 99], [98, 102], [106, 107], [106, 110]]}, "format_msk_datetime": {"executed_lines": [], "summary": {"covered_lines": 0, "num_statements": 4, "percent_covered": 0.0, "percent_covered_display": "0.00", "missing_lines": 4, "excluded_lines": 0, "num_branches": 2, "num_partial_branches": 0, "covered_branches": 0, "missing_branches": 2}, "missing_lines": [130, 131, 133, 134], "excluded_lines": [], "executed_branches": [], "missing_branches": [[130, 131], [130, 133]]}, "format_msk_datetime_with_label": {"executed_lines": [], "summary": {"covered_lines": 0, "num_statements": 4, "percent_covered": 0.0, "percent_covered_display": "0.00", "missing_lines": 4, "excluded_lines": 0, "num_branches": 2, "num_partial_branches": 0, "covered_branches": 0, "missing_branches": 2}, "missing_lines": [154, 155, 157, 158], "excluded_lines": [], "executed_branches": [], "missing_branches": [[154, 155], [154, 157]]}, "get_msk_now": {"executed_lines": [], "summary": {"covered_lines": 0, "num_statements": 3, "percent_covered": 0.0, "percent_covered_display": "0.00", "missing_lines": 3, "excluded_lines": 0, "num_branches": 2, "num_partial_branches": 0, "covered_branches": 0, "missing_branches": 2}, "missing_lines": [170, 171, 174], "excluded_lines": [], "executed_branches": [], "missing_branches": [[170, 171], [170, 174]]}, "": {"executed_lines": [1, 14, 15, 16, 20, 21, 23, 25, 26, 27, 28, 29, 41, 66, 75, 113, 137, 161], "summary": {"covered_lines": 17, "num_statements": 40, "percent_covered": 43.18181818181818, "percent_covered_display": "43.18", "missing_lines": 23, "excluded_lines": 0, "num_branches": 4, "num_partial_branches": 2, "covered_branches": 2, "missing_branches": 2}, "missing_lines": [30, 32, 33, 34, 35, 37, 38, 42, 43, 44, 45, 46, 47, 48, 58, 59, 60, 61, 62, 63, 67, 71, 72], "excluded_lines": [], "executed_branches": [[41, 66], [66, 75]], "missing_branches": [[41, 42], [66, 67]]}}, "classes": {"": {"executed_lines": [1, 14, 15, 16, 20, 21, 23, 25, 26, 27, 28, 29, 41, 66, 75, 113, 137, 161], "summary": {"covered_lines": 17, "num_statements": 62, "percent_covered": 23.75, "percent_covered_display": "23.75", "missing_lines": 45, "excluded_lines": 0, "num_branches": 18, "num_partial_branches": 2, "covered_branches": 2, "missing_branches": 16}, "missing_lines": [30, 32, 33, 34, 35, 37, 38, 42, 43, 44, 45, 46, 47, 48, 58, 59, 60, 61, 62, 63, 67, 71, 72, 93, 94, 97, 98, 99, 100, 102, 103, 106, 107, 110, 130, 131, 133, 134, 154, 155, 157, 158, 170, 171, 174], "excluded_lines": [], "executed_branches": [[41, 66], [66, 75]], "missing_branches": [[41, 42], [66, 67], [93, 94], [93, 97], [97, 98], [97, 106], [98, 99], [98, 102], [106, 107], [106, 110], [130, 131], [130, 133], [154, 155], [154, 157], [170, 171], [170, 174]]}}}}, "totals": {"covered_lines": 447, "num_statements": 5860, "percent_covered": 6.699252443933295, "percent_covered_display": "6.70", "missing_lines": 5413, "excluded_lines": 3, "num_branches": 1096, "num_partial_branches": 5, "covered_branches": 19, "missing_branches": 1077}}